2026-07-21 06-30-49 [INFO] [SQL Database] Initialized successfully. Table "jobs" is ready.
2026-07-21 06-30-49 [INFO] Starting Multi-Category Scraping Process...
2026-07-21 06-30-49 [INFO] 
🚀 Switching to category: IT-SOFTWARE 🚀
2026-07-21 06-30-49 [INFO]    [eJobs] Loading page 1 for it-software...
2026-07-21 06-30-54 [INFO]       [Selenium] Incremental scroll to 1500px (1/7)...
2026-07-21 06-30-56 [INFO]       [Selenium] Incremental scroll to 3000px (2/7)...
2026-07-21 06-30-57 [INFO]       [Selenium] Incremental scroll to 4500px (3/7)...
2026-07-21 06-30-58 [INFO]       [Selenium] Incremental scroll to 6000px (4/7)...
2026-07-21 06-30-59 [INFO]       [Selenium] Incremental scroll to 7500px (5/7)...
2026-07-21 06-31-01 [INFO]       [Selenium] Incremental scroll to 9000px (6/7)...
2026-07-21 06-31-02 [INFO]       [Selenium] Incremental scroll to 10500px (7/7)...
2026-07-21 06-31-05 [INFO]    [eJobs] Loading page 2 for it-software...
2026-07-21 06-31-09 [INFO]       [Selenium] Incremental scroll to 1500px (1/7)...
2026-07-21 06-31-10 [INFO]       [Selenium] Incremental scroll to 3000px (2/7)...
2026-07-21 06-31-11 [INFO]       [Selenium] Incremental scroll to 4500px (3/7)...
2026-07-21 06-31-13 [INFO]       [Selenium] Incremental scroll to 6000px (4/7)...
2026-07-21 06-31-14 [INFO]       [Selenium] Incremental scroll to 7500px (5/7)...
2026-07-21 06-31-15 [INFO]       [Selenium] Incremental scroll to 9000px (6/7)...
2026-07-21 06-31-16 [INFO]       [Selenium] Incremental scroll to 10500px (7/7)...
2026-07-21 06-31-20 [INFO]    [eJobs] Loading page 3 for it-software...
2026-07-21 06-31-24 [INFO]       [Selenium] Incremental scroll to 1500px (1/7)...
2026-07-21 06-31-25 [INFO]       [Selenium] Incremental scroll to 3000px (2/7)...
2026-07-21 06-31-26 [INFO]       [Selenium] Incremental scroll to 4500px (3/7)...
2026-07-21 06-31-27 [INFO]       [Selenium] Incremental scroll to 6000px (4/7)...
2026-07-21 06-31-28 [INFO]       [Selenium] Incremental scroll to 7500px (5/7)...
2026-07-21 06-31-30 [INFO]       [Selenium] Incremental scroll to 9000px (6/7)...
2026-07-21 06-31-31 [INFO]       [Selenium] Incremental scroll to 10500px (7/7)...
2026-07-21 06-31-34 [INFO]    [eJobs] Loading page 4 for it-software...
2026-07-21 06-31-38 [INFO]       [Selenium] Incremental scroll to 1500px (1/7)...
2026-07-21 06-31-39 [INFO]       [Selenium] Incremental scroll to 3000px (2/7)...
2026-07-21 06-31-40 [INFO]       [Selenium] Incremental scroll to 4500px (3/7)...
2026-07-21 06-31-42 [INFO]       [Selenium] Incremental scroll to 6000px (4/7)...
2026-07-21 06-31-43 [INFO]       [Selenium] Incremental scroll to 7500px (5/7)...
2026-07-21 06-31-44 [INFO]       [Selenium] Incremental scroll to 9000px (6/7)...
2026-07-21 06-31-45 [INFO]       [Selenium] Incremental scroll to 10500px (7/7)...
2026-07-21 06-31-49 [INFO]    [eJobs] Loading page 5 for it-software...
2026-07-21 06-31-52 [INFO]       [Selenium] Incremental scroll to 1500px (1/7)...
2026-07-21 06-31-54 [INFO]       [Selenium] Incremental scroll to 3000px (2/7)...
2026-07-21 06-31-55 [INFO]       [Selenium] Incremental scroll to 4500px (3/7)...
2026-07-21 06-31-56 [INFO]       [Selenium] Incremental scroll to 6000px (4/7)...
2026-07-21 06-31-57 [INFO]       [Selenium] Incremental scroll to 7500px (5/7)...
2026-07-21 06-31-59 [INFO]       [Selenium] Incremental scroll to 9000px (6/7)...
2026-07-21 06-32-00 [INFO]       [Selenium] Incremental scroll to 10500px (7/7)...
2026-07-21 06-32-03 [INFO]    [eJobs] Loading page 6 for it-software...
2026-07-21 06-32-08 [INFO]       [Selenium] Incremental scroll to 1500px (1/7)...
2026-07-21 06-32-09 [INFO]       [Selenium] Incremental scroll to 3000px (2/7)...
2026-07-21 06-32-10 [INFO]       [Selenium] Incremental scroll to 4500px (3/7)...
2026-07-21 06-32-11 [INFO]       [Selenium] Incremental scroll to 6000px (4/7)...
2026-07-21 06-32-13 [INFO]       [Selenium] Incremental scroll to 7500px (5/7)...
2026-07-21 06-32-14 [INFO]       [Selenium] Incremental scroll to 9000px (6/7)...
2026-07-21 06-32-15 [INFO]       [Selenium] Incremental scroll to 10500px (7/7)...
2026-07-21 06-32-18 [INFO]    [eJobs] Loading page 7 for it-software...
2026-07-21 06-32-23 [INFO]       [Selenium] Incremental scroll to 1500px (1/7)...
2026-07-21 06-32-24 [INFO]       [Selenium] Incremental scroll to 3000px (2/7)...
2026-07-21 06-32-25 [INFO]       [Selenium] Incremental scroll to 4500px (3/7)...
2026-07-21 06-32-27 [INFO]       [Selenium] Incremental scroll to 6000px (4/7)...
2026-07-21 06-32-28 [INFO]       [Selenium] Incremental scroll to 7500px (5/7)...
2026-07-21 06-32-29 [INFO]       [Selenium] Incremental scroll to 9000px (6/7)...
2026-07-21 06-32-30 [INFO]       [Selenium] Incremental scroll to 10500px (7/7)...
2026-07-21 06-32-34 [INFO]    [eJobs] Loading page 8 for it-software...
2026-07-21 06-32-37 [INFO]       [Selenium] Incremental scroll to 1500px (1/7)...
2026-07-21 06-32-39 [INFO]       [Selenium] Incremental scroll to 3000px (2/7)...
2026-07-21 06-32-40 [INFO]       [Selenium] Incremental scroll to 4500px (3/7)...
2026-07-21 06-32-41 [INFO]       [Selenium] Incremental scroll to 6000px (4/7)...
2026-07-21 06-32-42 [INFO]       [Selenium] Incremental scroll to 7500px (5/7)...
2026-07-21 06-32-43 [INFO]       [Selenium] Incremental scroll to 9000px (6/7)...
2026-07-21 06-32-45 [INFO]       [Selenium] Incremental scroll to 10500px (7/7)...
2026-07-21 06-32-46 [INFO] No jobs found on page 8. Reached end of category it-software.
2026-07-21 06-32-46 [INFO]    [Session] Captured 6 cookies + real UA from the browser session for category 'it-software'.
2026-07-21 06-32-46 [INFO]    [eJobs] Finished it-software. Total raw jobs collected: 213
2026-07-21 06-32-46 [INFO]  Starting async processing for 213 raw eJobs...
2026-07-21 06-32-46 [INFO]    [Session Reuse] Using 6 cookies from Selenium, over a curl_cffi client impersonating Chrome at the TLS/HTTP2 level.
2026-07-21 06-41-30 [INFO]    [Parser Engine] Starting analytical parsing for 213 fetched pages...
2026-07-21 06-41-35 [INFO]    [Fetch Summary] raw=213 | saved=141 | never_fetched=0
2026-07-21 06-41-35 [INFO] [eJobs Category Summary] 'it-software': raw=213 saved=141 lost=72
2026-07-21 06-41-35 [INFO] [SQL Database] Done! Out of 141 filtered jobs, 141 were NEW and successfully saved.
2026-07-21 06-41-35 [INFO]    [eJobs Filter] Completed 'it-software'. Saved 141 relevant jobs!
2026-07-21 06-41-35 [INFO] [Cooldown] Pausing 8s before next eJobs category...
2026-07-21 06-41-43 [INFO] 
🚀 Switching to category: INTERNET-E-COMMERCE 🚀
2026-07-21 06-41-43 [INFO]    [eJobs] Loading page 1 for internet-e-commerce...
2026-07-21 06-41-48 [INFO]       [Selenium] Incremental scroll to 1500px (1/7)...
2026-07-21 06-41-50 [INFO]       [Selenium] Incremental scroll to 3000px (2/7)...
2026-07-21 06-41-51 [INFO]       [Selenium] Incremental scroll to 4500px (3/7)...
2026-07-21 06-41-52 [INFO]       [Selenium] Incremental scroll to 6000px (4/7)...
2026-07-21 06-41-53 [INFO]       [Selenium] Incremental scroll to 7500px (5/7)...
2026-07-21 06-41-54 [INFO]       [Selenium] Incremental scroll to 9000px (6/7)...
2026-07-21 06-41-56 [INFO]       [Selenium] Incremental scroll to 10500px (7/7)...
2026-07-21 06-41-59 [INFO]    [eJobs] Loading page 2 for internet-e-commerce...
2026-07-21 06-42-03 [INFO]       [Selenium] Incremental scroll to 1500px (1/7)...
2026-07-21 06-42-04 [INFO]       [Selenium] Incremental scroll to 3000px (2/7)...
2026-07-21 06-42-05 [INFO]       [Selenium] Incremental scroll to 4500px (3/7)...
2026-07-21 06-42-06 [INFO]       [Selenium] Incremental scroll to 6000px (4/7)...
2026-07-21 06-42-08 [INFO]       [Selenium] Incremental scroll to 7500px (5/7)...
2026-07-21 06-42-09 [INFO]       [Selenium] Incremental scroll to 9000px (6/7)...
2026-07-21 06-42-10 [INFO]       [Selenium] Incremental scroll to 10500px (7/7)...
2026-07-21 06-42-13 [INFO]    [eJobs] Loading page 3 for internet-e-commerce...
2026-07-21 06-42-17 [INFO]       [Selenium] Incremental scroll to 1500px (1/7)...
2026-07-21 06-42-18 [INFO]       [Selenium] Incremental scroll to 3000px (2/7)...
2026-07-21 06-42-20 [INFO]       [Selenium] Incremental scroll to 4500px (3/7)...
2026-07-21 06-42-21 [INFO]       [Selenium] Incremental scroll to 6000px (4/7)...
2026-07-21 06-42-22 [INFO]       [Selenium] Incremental scroll to 7500px (5/7)...
2026-07-21 06-42-23 [INFO]       [Selenium] Incremental scroll to 9000px (6/7)...
2026-07-21 06-42-24 [INFO]       [Selenium] Incremental scroll to 10500px (7/7)...
2026-07-21 06-42-28 [INFO]    [eJobs] Loading page 4 for internet-e-commerce...
2026-07-21 06-42-32 [INFO]       [Selenium] Incremental scroll to 1500px (1/7)...
2026-07-21 06-42-33 [INFO]       [Selenium] Incremental scroll to 3000px (2/7)...
2026-07-21 06-42-34 [INFO]       [Selenium] Incremental scroll to 4500px (3/7)...
2026-07-21 06-42-35 [INFO]       [Selenium] Incremental scroll to 6000px (4/7)...
2026-07-21 06-42-36 [INFO]       [Selenium] Incremental scroll to 7500px (5/7)...
2026-07-21 06-42-38 [INFO]       [Selenium] Incremental scroll to 9000px (6/7)...
2026-07-21 06-42-39 [INFO]       [Selenium] Incremental scroll to 10500px (7/7)...
2026-07-21 06-42-42 [INFO]    [eJobs] Loading page 5 for internet-e-commerce...
2026-07-21 06-42-46 [INFO]       [Selenium] Incremental scroll to 1500px (1/7)...
2026-07-21 06-42-47 [INFO]       [Selenium] Incremental scroll to 3000px (2/7)...
2026-07-21 06-42-48 [INFO]       [Selenium] Incremental scroll to 4500px (3/7)...
2026-07-21 06-42-50 [INFO]       [Selenium] Incremental scroll to 6000px (4/7)...
2026-07-21 06-42-51 [INFO]       [Selenium] Incremental scroll to 7500px (5/7)...
2026-07-21 06-42-52 [INFO]       [Selenium] Incremental scroll to 9000px (6/7)...
2026-07-21 06-42-53 [INFO]       [Selenium] Incremental scroll to 10500px (7/7)...
2026-07-21 06-42-57 [INFO]    [eJobs] Loading page 6 for internet-e-commerce...
2026-07-21 06-43-02 [INFO]       [Selenium] Incremental scroll to 1500px (1/7)...
2026-07-21 06-43-03 [INFO]       [Selenium] Incremental scroll to 3000px (2/7)...
2026-07-21 06-43-04 [INFO]       [Selenium] Incremental scroll to 4500px (3/7)...
2026-07-21 06-43-05 [INFO]       [Selenium] Incremental scroll to 6000px (4/7)...
2026-07-21 06-43-06 [INFO]       [Selenium] Incremental scroll to 7500px (5/7)...
2026-07-21 06-43-08 [INFO]       [Selenium] Incremental scroll to 9000px (6/7)...
2026-07-21 06-43-09 [INFO]       [Selenium] Incremental scroll to 10500px (7/7)...
2026-07-21 06-43-12 [INFO]    [eJobs] Loading page 7 for internet-e-commerce...
2026-07-21 06-43-16 [INFO]       [Selenium] Incremental scroll to 1500px (1/7)...
2026-07-21 06-43-17 [INFO]       [Selenium] Incremental scroll to 3000px (2/7)...
2026-07-21 06-43-18 [INFO]       [Selenium] Incremental scroll to 4500px (3/7)...
2026-07-21 06-43-19 [INFO]       [Selenium] Incremental scroll to 6000px (4/7)...
2026-07-21 06-43-21 [INFO]       [Selenium] Incremental scroll to 7500px (5/7)...
2026-07-21 06-43-22 [INFO]       [Selenium] Incremental scroll to 9000px (6/7)...
2026-07-21 06-43-23 [INFO]       [Selenium] Incremental scroll to 10500px (7/7)...
2026-07-21 06-43-26 [INFO]    [eJobs] Loading page 8 for internet-e-commerce...
2026-07-21 06-43-30 [INFO]       [Selenium] Incremental scroll to 1500px (1/7)...
2026-07-21 06-43-32 [INFO]       [Selenium] Incremental scroll to 3000px (2/7)...
2026-07-21 06-43-33 [INFO]       [Selenium] Incremental scroll to 4500px (3/7)...
2026-07-21 06-43-34 [INFO]       [Selenium] Incremental scroll to 6000px (4/7)...
2026-07-21 06-43-35 [INFO]       [Selenium] Incremental scroll to 7500px (5/7)...
2026-07-21 06-43-36 [INFO]       [Selenium] Incremental scroll to 9000px (6/7)...
2026-07-21 06-43-38 [INFO]       [Selenium] Incremental scroll to 10500px (7/7)...
2026-07-21 06-43-41 [INFO]    [eJobs] Loading page 9 for internet-e-commerce...
2026-07-21 06-43-45 [INFO]       [Selenium] Incremental scroll to 1500px (1/7)...
2026-07-21 06-43-46 [INFO]       [Selenium] Incremental scroll to 3000px (2/7)...
2026-07-21 06-43-47 [INFO]       [Selenium] Incremental scroll to 4500px (3/7)...
2026-07-21 06-43-48 [INFO]       [Selenium] Incremental scroll to 6000px (4/7)...
2026-07-21 06-43-50 [INFO]       [Selenium] Incremental scroll to 7500px (5/7)...
2026-07-21 06-43-51 [INFO]       [Selenium] Incremental scroll to 9000px (6/7)...
2026-07-21 06-43-52 [INFO]       [Selenium] Incremental scroll to 10500px (7/7)...
2026-07-21 06-43-55 [INFO]    [eJobs] Loading page 10 for internet-e-commerce...
2026-07-21 06-43-59 [INFO]       [Selenium] Incremental scroll to 1500px (1/7)...
2026-07-21 06-44-00 [INFO]       [Selenium] Incremental scroll to 3000px (2/7)...
2026-07-21 06-44-02 [INFO]       [Selenium] Incremental scroll to 4500px (3/7)...
2026-07-21 06-44-03 [INFO]       [Selenium] Incremental scroll to 6000px (4/7)...
2026-07-21 06-44-04 [INFO]       [Selenium] Incremental scroll to 7500px (5/7)...
2026-07-21 06-44-05 [INFO]       [Selenium] Incremental scroll to 9000px (6/7)...
2026-07-21 06-44-07 [INFO]       [Selenium] Incremental scroll to 10500px (7/7)...
2026-07-21 06-44-10 [INFO]    [eJobs] Loading page 11 for internet-e-commerce...
2026-07-21 06-44-14 [INFO]       [Selenium] Incremental scroll to 1500px (1/7)...
2026-07-21 06-44-16 [INFO]       [Selenium] Incremental scroll to 3000px (2/7)...
2026-07-21 06-44-17 [INFO]       [Selenium] Incremental scroll to 4500px (3/7)...
2026-07-21 06-44-18 [INFO]       [Selenium] Incremental scroll to 6000px (4/7)...
2026-07-21 06-44-19 [INFO]       [Selenium] Incremental scroll to 7500px (5/7)...
2026-07-21 06-44-20 [INFO]       [Selenium] Incremental scroll to 9000px (6/7)...
2026-07-21 06-44-22 [INFO]       [Selenium] Incremental scroll to 10500px (7/7)...
2026-07-21 06-44-25 [INFO]    [eJobs] Loading page 12 for internet-e-commerce...
2026-07-21 06-44-29 [INFO]       [Selenium] Incremental scroll to 1500px (1/7)...
2026-07-21 06-44-30 [INFO]       [Selenium] Incremental scroll to 3000px (2/7)...
2026-07-21 06-44-31 [INFO]       [Selenium] Incremental scroll to 4500px (3/7)...
2026-07-21 06-44-33 [INFO]       [Selenium] Incremental scroll to 6000px (4/7)...
2026-07-21 06-44-34 [INFO]       [Selenium] Incremental scroll to 7500px (5/7)...
2026-07-21 06-44-35 [INFO]       [Selenium] Incremental scroll to 9000px (6/7)...
2026-07-21 06-44-36 [INFO]       [Selenium] Incremental scroll to 10500px (7/7)...
2026-07-21 06-44-39 [INFO]    [eJobs] Loading page 13 for internet-e-commerce...
2026-07-21 06-44-43 [INFO]       [Selenium] Incremental scroll to 1500px (1/7)...
2026-07-21 06-44-45 [INFO]       [Selenium] Incremental scroll to 3000px (2/7)...
2026-07-21 06-44-46 [INFO]       [Selenium] Incremental scroll to 4500px (3/7)...
2026-07-21 06-44-47 [INFO]       [Selenium] Incremental scroll to 6000px (4/7)...
2026-07-21 06-44-48 [INFO]       [Selenium] Incremental scroll to 7500px (5/7)...
2026-07-21 06-44-49 [INFO]       [Selenium] Incremental scroll to 9000px (6/7)...
2026-07-21 06-44-51 [INFO]       [Selenium] Incremental scroll to 10500px (7/7)...
2026-07-21 06-44-54 [INFO]    [eJobs] Loading page 14 for internet-e-commerce...
2026-07-21 06-44-58 [INFO]       [Selenium] Incremental scroll to 1500px (1/7)...
2026-07-21 06-44-59 [INFO]       [Selenium] Incremental scroll to 3000px (2/7)...
2026-07-21 06-45-00 [INFO]       [Selenium] Incremental scroll to 4500px (3/7)...
2026-07-21 06-45-01 [INFO]       [Selenium] Incremental scroll to 6000px (4/7)...
2026-07-21 06-45-03 [INFO]       [Selenium] Incremental scroll to 7500px (5/7)...
2026-07-21 06-45-04 [INFO]       [Selenium] Incremental scroll to 9000px (6/7)...
2026-07-21 06-45-05 [INFO]       [Selenium] Incremental scroll to 10500px (7/7)...
2026-07-21 06-45-08 [INFO]    [eJobs] Loading page 15 for internet-e-commerce...
2026-07-21 06-45-12 [INFO]       [Selenium] Incremental scroll to 1500px (1/7)...
2026-07-21 06-45-13 [INFO]       [Selenium] Incremental scroll to 3000px (2/7)...
2026-07-21 06-45-15 [INFO]       [Selenium] Incremental scroll to 4500px (3/7)...
2026-07-21 06-45-16 [INFO]       [Selenium] Incremental scroll to 6000px (4/7)...
2026-07-21 06-45-17 [INFO]       [Selenium] Incremental scroll to 7500px (5/7)...
2026-07-21 06-45-18 [INFO]       [Selenium] Incremental scroll to 9000px (6/7)...
2026-07-21 06-45-19 [INFO]       [Selenium] Incremental scroll to 10500px (7/7)...
2026-07-21 06-45-23 [INFO]    [eJobs] Loading page 16 for internet-e-commerce...
2026-07-21 06-45-27 [INFO]       [Selenium] Incremental scroll to 1500px (1/7)...
2026-07-21 06-45-28 [INFO]       [Selenium] Incremental scroll to 3000px (2/7)...
2026-07-21 06-45-29 [INFO]       [Selenium] Incremental scroll to 4500px (3/7)...
2026-07-21 06-45-30 [INFO]       [Selenium] Incremental scroll to 6000px (4/7)...
2026-07-21 06-45-31 [INFO]       [Selenium] Incremental scroll to 7500px (5/7)...
2026-07-21 06-45-33 [INFO]       [Selenium] Incremental scroll to 9000px (6/7)...
2026-07-21 06-45-34 [INFO]       [Selenium] Incremental scroll to 10500px (7/7)...
2026-07-21 06-45-37 [INFO]    [eJobs] Loading page 17 for internet-e-commerce...
2026-07-21 06-45-41 [INFO]       [Selenium] Incremental scroll to 1500px (1/7)...
2026-07-21 06-45-42 [INFO]       [Selenium] Incremental scroll to 3000px (2/7)...
2026-07-21 06-45-43 [INFO]       [Selenium] Incremental scroll to 4500px (3/7)...
2026-07-21 06-45-45 [INFO]       [Selenium] Incremental scroll to 6000px (4/7)...
2026-07-21 06-45-46 [INFO]       [Selenium] Incremental scroll to 7500px (5/7)...
2026-07-21 06-45-47 [INFO]       [Selenium] Incremental scroll to 9000px (6/7)...
2026-07-21 06-45-48 [INFO]       [Selenium] Incremental scroll to 10500px (7/7)...
2026-07-21 06-45-52 [INFO]    [eJobs] Loading page 18 for internet-e-commerce...
2026-07-21 06-45-56 [INFO]       [Selenium] Incremental scroll to 1500px (1/7)...
2026-07-21 06-45-57 [INFO]       [Selenium] Incremental scroll to 3000px (2/7)...
2026-07-21 06-45-58 [INFO]       [Selenium] Incremental scroll to 4500px (3/7)...
2026-07-21 06-45-59 [INFO]       [Selenium] Incremental scroll to 6000px (4/7)...
2026-07-21 06-46-00 [INFO]       [Selenium] Incremental scroll to 7500px (5/7)...
2026-07-21 06-46-02 [INFO]       [Selenium] Incremental scroll to 9000px (6/7)...
2026-07-21 06-46-03 [INFO]       [Selenium] Incremental scroll to 10500px (7/7)...
2026-07-21 06-46-06 [INFO]    [eJobs] Loading page 19 for internet-e-commerce...
2026-07-21 06-46-10 [INFO]       [Selenium] Incremental scroll to 1500px (1/7)...
2026-07-21 06-46-11 [INFO]       [Selenium] Incremental scroll to 3000px (2/7)...
2026-07-21 06-46-12 [INFO]       [Selenium] Incremental scroll to 4500px (3/7)...
2026-07-21 06-46-14 [INFO]       [Selenium] Incremental scroll to 6000px (4/7)...
2026-07-21 06-46-15 [INFO]       [Selenium] Incremental scroll to 7500px (5/7)...
2026-07-21 06-46-16 [INFO]       [Selenium] Incremental scroll to 9000px (6/7)...
2026-07-21 06-46-17 [INFO]       [Selenium] Incremental scroll to 10500px (7/7)...
2026-07-21 06-46-21 [INFO]    [eJobs] Loading page 20 for internet-e-commerce...
2026-07-21 06-46-24 [INFO]       [Selenium] Incremental scroll to 1500px (1/7)...
2026-07-21 06-46-26 [INFO]       [Selenium] Incremental scroll to 3000px (2/7)...
2026-07-21 06-46-27 [INFO]       [Selenium] Incremental scroll to 4500px (3/7)...
2026-07-21 06-46-28 [INFO]       [Selenium] Incremental scroll to 6000px (4/7)...
2026-07-21 06-46-29 [INFO]       [Selenium] Incremental scroll to 7500px (5/7)...
2026-07-21 06-46-30 [INFO]       [Selenium] Incremental scroll to 9000px (6/7)...
2026-07-21 06-46-32 [INFO]       [Selenium] Incremental scroll to 10500px (7/7)...
2026-07-21 06-46-35 [INFO]    [eJobs] Loading page 21 for internet-e-commerce...
2026-07-21 06-46-39 [INFO]       [Selenium] Incremental scroll to 1500px (1/7)...
2026-07-21 06-46-40 [INFO]       [Selenium] Incremental scroll to 3000px (2/7)...
2026-07-21 06-46-41 [INFO]       [Selenium] Incremental scroll to 4500px (3/7)...
2026-07-21 06-46-42 [INFO]       [Selenium] Incremental scroll to 6000px (4/7)...
2026-07-21 06-46-44 [INFO]       [Selenium] Incremental scroll to 7500px (5/7)...
2026-07-21 06-46-45 [INFO]       [Selenium] Incremental scroll to 9000px (6/7)...
2026-07-21 06-46-46 [INFO]       [Selenium] Incremental scroll to 10500px (7/7)...
2026-07-21 06-46-49 [INFO]    [eJobs] Loading page 22 for internet-e-commerce...
2026-07-21 06-46-53 [INFO]       [Selenium] Incremental scroll to 1500px (1/7)...
2026-07-21 06-46-54 [INFO]       [Selenium] Incremental scroll to 3000px (2/7)...
2026-07-21 06-46-56 [INFO]       [Selenium] Incremental scroll to 4500px (3/7)...
2026-07-21 06-46-57 [INFO]       [Selenium] Incremental scroll to 6000px (4/7)...
2026-07-21 06-46-58 [INFO]       [Selenium] Incremental scroll to 7500px (5/7)...
2026-07-21 06-46-59 [INFO]       [Selenium] Incremental scroll to 9000px (6/7)...
2026-07-21 06-47-01 [INFO]       [Selenium] Incremental scroll to 10500px (7/7)...
2026-07-21 06-47-04 [INFO]    [eJobs] Loading page 23 for internet-e-commerce...
2026-07-21 06-47-08 [INFO]       [Selenium] Incremental scroll to 1500px (1/7)...
2026-07-21 06-47-09 [INFO]       [Selenium] Incremental scroll to 3000px (2/7)...
2026-07-21 06-47-10 [INFO]       [Selenium] Incremental scroll to 4500px (3/7)...
2026-07-21 06-47-11 [INFO]       [Selenium] Incremental scroll to 6000px (4/7)...
2026-07-21 06-47-12 [INFO]       [Selenium] Incremental scroll to 7500px (5/7)...
2026-07-21 06-47-14 [INFO]       [Selenium] Incremental scroll to 9000px (6/7)...
2026-07-21 06-47-15 [INFO]       [Selenium] Incremental scroll to 10500px (7/7)...
2026-07-21 06-47-18 [INFO]    [eJobs] Loading page 24 for internet-e-commerce...
2026-07-21 06-47-23 [INFO]       [Selenium] Incremental scroll to 1500px (1/7)...
2026-07-21 06-47-24 [INFO]       [Selenium] Incremental scroll to 3000px (2/7)...
2026-07-21 06-47-25 [INFO]       [Selenium] Incremental scroll to 4500px (3/7)...
2026-07-21 06-47-26 [INFO]       [Selenium] Incremental scroll to 6000px (4/7)...
2026-07-21 06-47-27 [INFO]       [Selenium] Incremental scroll to 7500px (5/7)...
2026-07-21 06-47-29 [INFO]       [Selenium] Incremental scroll to 9000px (6/7)...
2026-07-21 06-47-30 [INFO]       [Selenium] Incremental scroll to 10500px (7/7)...
2026-07-21 06-47-33 [INFO]    [eJobs] Loading page 25 for internet-e-commerce...
2026-07-21 06-47-37 [INFO]       [Selenium] Incremental scroll to 1500px (1/7)...
2026-07-21 06-47-39 [INFO]       [Selenium] Incremental scroll to 3000px (2/7)...
2026-07-21 06-47-40 [INFO]       [Selenium] Incremental scroll to 4500px (3/7)...
2026-07-21 06-47-41 [INFO]       [Selenium] Incremental scroll to 6000px (4/7)...
2026-07-21 06-47-42 [INFO]       [Selenium] Incremental scroll to 7500px (5/7)...
2026-07-21 06-47-43 [INFO]       [Selenium] Incremental scroll to 9000px (6/7)...
2026-07-21 06-47-45 [INFO]       [Selenium] Incremental scroll to 10500px (7/7)...
2026-07-21 06-47-48 [INFO]    [eJobs] Loading page 26 for internet-e-commerce...
2026-07-21 06-47-51 [INFO]       [Selenium] Incremental scroll to 1500px (1/7)...
2026-07-21 06-47-53 [INFO]       [Selenium] Incremental scroll to 3000px (2/7)...
2026-07-21 06-47-54 [INFO]       [Selenium] Incremental scroll to 4500px (3/7)...
2026-07-21 06-47-55 [INFO]       [Selenium] Incremental scroll to 6000px (4/7)...
2026-07-21 06-47-56 [INFO]       [Selenium] Incremental scroll to 7500px (5/7)...
2026-07-21 06-47-57 [INFO]       [Selenium] Incremental scroll to 9000px (6/7)...
2026-07-21 06-47-59 [INFO]       [Selenium] Incremental scroll to 10500px (7/7)...
2026-07-21 06-48-00 [INFO] No jobs found on page 26. Reached end of category internet-e-commerce.
2026-07-21 06-48-00 [INFO]    [Session] Captured 6 cookies + real UA from the browser session for category 'internet-e-commerce'.
2026-07-21 06-48-00 [INFO]    [eJobs] Finished internet-e-commerce. Total raw jobs collected: 837
2026-07-21 06-48-00 [INFO]  Starting async processing for 837 raw eJobs...
2026-07-21 06-48-00 [INFO]    [Session Reuse] Using 6 cookies from Selenium, over a curl_cffi client impersonating Chrome at the TLS/HTTP2 level.
2026-07-21 07-22-45 [INFO]    [Parser Engine] Starting analytical parsing for 837 fetched pages...
2026-07-21 07-23-05 [INFO]    [Fetch Summary] raw=837 | saved=54 | never_fetched=0
2026-07-21 07-23-05 [INFO] [eJobs Category Summary] 'internet-e-commerce': raw=837 saved=54 lost=783
2026-07-21 07-23-05 [INFO] [SQL Database] Done! Out of 54 filtered jobs, 54 were NEW and successfully saved.
2026-07-21 07-23-05 [INFO]    [eJobs Filter] Completed 'internet-e-commerce'. Saved 54 relevant jobs!
2026-07-21 07-23-05 [INFO] [Cooldown] Pausing 8s before next eJobs category...
2026-07-21 07-23-13 [INFO] 
🚀 Switching to category: IT-HARDWARE 🚀
2026-07-21 07-23-14 [INFO]    [eJobs] Loading page 1 for it-hardware...
2026-07-21 07-23-18 [INFO]       [Selenium] Incremental scroll to 1500px (1/7)...
2026-07-21 07-23-20 [INFO]       [Selenium] Incremental scroll to 3000px (2/7)...
2026-07-21 07-23-21 [INFO]       [Selenium] Incremental scroll to 4500px (3/7)...
2026-07-21 07-23-22 [INFO]       [Selenium] Incremental scroll to 6000px (4/7)...
2026-07-21 07-23-23 [INFO]       [Selenium] Incremental scroll to 7500px (5/7)...
2026-07-21 07-23-25 [INFO]       [Selenium] Incremental scroll to 9000px (6/7)...
2026-07-21 07-23-26 [INFO]       [Selenium] Incremental scroll to 10500px (7/7)...
2026-07-21 07-23-29 [INFO]    [eJobs] Loading page 2 for it-hardware...
2026-07-21 07-23-33 [INFO]       [Selenium] Incremental scroll to 1500px (1/7)...
2026-07-21 07-23-34 [INFO]       [Selenium] Incremental scroll to 3000px (2/7)...
2026-07-21 07-23-35 [INFO]       [Selenium] Incremental scroll to 4500px (3/7)...
2026-07-21 07-23-37 [INFO]       [Selenium] Incremental scroll to 6000px (4/7)...
2026-07-21 07-23-38 [INFO]       [Selenium] Incremental scroll to 7500px (5/7)...
2026-07-21 07-23-39 [INFO]       [Selenium] Incremental scroll to 9000px (6/7)...
2026-07-21 07-23-40 [INFO]       [Selenium] Incremental scroll to 10500px (7/7)...
2026-07-21 07-23-44 [INFO]    [eJobs] Loading page 3 for it-hardware...
2026-07-21 07-23-48 [INFO]       [Selenium] Incremental scroll to 1500px (1/7)...
2026-07-21 07-23-49 [INFO]       [Selenium] Incremental scroll to 3000px (2/7)...
2026-07-21 07-23-50 [INFO]       [Selenium] Incremental scroll to 4500px (3/7)...
2026-07-21 07-23-51 [INFO]       [Selenium] Incremental scroll to 6000px (4/7)...
2026-07-21 07-23-52 [INFO]       [Selenium] Incremental scroll to 7500px (5/7)...
2026-07-21 07-23-54 [INFO]       [Selenium] Incremental scroll to 9000px (6/7)...
2026-07-21 07-23-55 [INFO]       [Selenium] Incremental scroll to 10500px (7/7)...
2026-07-21 07-23-58 [INFO]    [eJobs] Loading page 4 for it-hardware...
2026-07-21 07-24-02 [INFO]       [Selenium] Incremental scroll to 1500px (1/7)...
2026-07-21 07-24-04 [INFO]       [Selenium] Incremental scroll to 3000px (2/7)...
2026-07-21 07-24-05 [INFO]       [Selenium] Incremental scroll to 4500px (3/7)...
2026-07-21 07-24-06 [INFO]       [Selenium] Incremental scroll to 6000px (4/7)...
2026-07-21 07-24-07 [INFO]       [Selenium] Incremental scroll to 7500px (5/7)...
2026-07-21 07-24-08 [INFO]       [Selenium] Incremental scroll to 9000px (6/7)...
2026-07-21 07-24-10 [INFO]       [Selenium] Incremental scroll to 10500px (7/7)...
2026-07-21 07-24-13 [INFO]    [eJobs] Loading page 5 for it-hardware...
2026-07-21 07-24-17 [INFO]       [Selenium] Incremental scroll to 1500px (1/7)...
2026-07-21 07-24-18 [INFO]       [Selenium] Incremental scroll to 3000px (2/7)...
2026-07-21 07-24-20 [INFO]       [Selenium] Incremental scroll to 4500px (3/7)...
2026-07-21 07-24-21 [INFO]       [Selenium] Incremental scroll to 6000px (4/7)...
2026-07-21 07-24-22 [INFO]       [Selenium] Incremental scroll to 7500px (5/7)...
2026-07-21 07-24-23 [INFO]       [Selenium] Incremental scroll to 9000px (6/7)...
2026-07-21 07-24-24 [INFO]       [Selenium] Incremental scroll to 10500px (7/7)...
2026-07-21 07-24-28 [INFO]    [eJobs] Loading page 6 for it-hardware...
2026-07-21 07-24-33 [INFO]       [Selenium] Incremental scroll to 1500px (1/7)...
2026-07-21 07-24-34 [INFO]       [Selenium] Incremental scroll to 3000px (2/7)...
2026-07-21 07-24-35 [INFO]       [Selenium] Incremental scroll to 4500px (3/7)...
2026-07-21 07-24-36 [INFO]       [Selenium] Incremental scroll to 6000px (4/7)...
2026-07-21 07-24-38 [INFO]       [Selenium] Incremental scroll to 7500px (5/7)...
2026-07-21 07-24-39 [INFO]       [Selenium] Incremental scroll to 9000px (6/7)...
2026-07-21 07-24-40 [INFO]       [Selenium] Incremental scroll to 10500px (7/7)...
2026-07-21 07-24-43 [INFO]    [eJobs] Loading page 7 for it-hardware...
2026-07-21 07-24-48 [INFO]       [Selenium] Incremental scroll to 1500px (1/7)...
2026-07-21 07-24-49 [INFO]       [Selenium] Incremental scroll to 3000px (2/7)...
2026-07-21 07-24-50 [INFO]       [Selenium] Incremental scroll to 4500px (3/7)...
2026-07-21 07-24-51 [INFO]       [Selenium] Incremental scroll to 6000px (4/7)...
2026-07-21 07-24-52 [INFO]       [Selenium] Incremental scroll to 7500px (5/7)...
2026-07-21 07-24-54 [INFO]       [Selenium] Incremental scroll to 9000px (6/7)...
2026-07-21 07-24-55 [INFO]       [Selenium] Incremental scroll to 10500px (7/7)...
2026-07-21 07-24-56 [INFO] No jobs found on page 7. Reached end of category it-hardware.
2026-07-21 07-24-56 [INFO]    [Session] Captured 6 cookies + real UA from the browser session for category 'it-hardware'.
2026-07-21 07-24-56 [INFO]    [eJobs] Finished it-hardware. Total raw jobs collected: 194
2026-07-21 07-24-56 [INFO]  Starting async processing for 194 raw eJobs...
2026-07-21 07-24-56 [INFO]    [Session Reuse] Using 6 cookies from Selenium, over a curl_cffi client impersonating Chrome at the TLS/HTTP2 level.
2026-07-21 07-32-54 [INFO]    [Parser Engine] Starting analytical parsing for 194 fetched pages...
2026-07-21 07-32-59 [INFO]    [Fetch Summary] raw=194 | saved=94 | never_fetched=0
2026-07-21 07-32-59 [INFO] [eJobs Category Summary] 'it-hardware': raw=194 saved=94 lost=100
2026-07-21 07-32-59 [INFO] [SQL Database] Done! Out of 94 filtered jobs, 94 were NEW and successfully saved.
2026-07-21 07-32-59 [INFO]    [eJobs Filter] Completed 'it-hardware'. Saved 94 relevant jobs!
2026-07-21 07-32-59 [INFO] [Cooldown] Pausing 8s before next eJobs category...
2026-07-21 07-33-07 [INFO] 
🚀 Switching to category: TELECOMUNICATII 🚀
2026-07-21 07-33-07 [INFO]    [eJobs] Loading page 1 for telecomunicatii...
2026-07-21 07-33-12 [INFO]       [Selenium] Incremental scroll to 1500px (1/7)...
2026-07-21 07-33-13 [INFO]       [Selenium] Incremental scroll to 3000px (2/7)...
2026-07-21 07-33-14 [INFO]       [Selenium] Incremental scroll to 4500px (3/7)...
2026-07-21 07-33-15 [INFO]       [Selenium] Incremental scroll to 6000px (4/7)...
2026-07-21 07-33-16 [INFO]       [Selenium] Incremental scroll to 7500px (5/7)...
2026-07-21 07-33-18 [INFO]       [Selenium] Incremental scroll to 9000px (6/7)...
2026-07-21 07-33-19 [INFO]       [Selenium] Incremental scroll to 10500px (7/7)...
2026-07-21 07-33-22 [INFO]    [eJobs] Loading page 2 for telecomunicatii...
2026-07-21 07-33-27 [INFO]       [Selenium] Incremental scroll to 1500px (1/7)...
2026-07-21 07-33-28 [INFO]       [Selenium] Incremental scroll to 3000px (2/7)...
2026-07-21 07-33-29 [INFO]       [Selenium] Incremental scroll to 4500px (3/7)...
2026-07-21 07-33-31 [INFO]       [Selenium] Incremental scroll to 6000px (4/7)...
2026-07-21 07-33-32 [INFO]       [Selenium] Incremental scroll to 7500px (5/7)...
2026-07-21 07-33-33 [INFO]       [Selenium] Incremental scroll to 9000px (6/7)...
2026-07-21 07-33-34 [INFO]       [Selenium] Incremental scroll to 10500px (7/7)...
2026-07-21 07-33-38 [INFO]    [eJobs] Loading page 3 for telecomunicatii...
2026-07-21 07-33-41 [INFO]       [Selenium] Incremental scroll to 1500px (1/7)...
2026-07-21 07-33-43 [INFO]       [Selenium] Incremental scroll to 3000px (2/7)...
2026-07-21 07-33-44 [INFO]       [Selenium] Incremental scroll to 4500px (3/7)...
2026-07-21 07-33-45 [INFO]       [Selenium] Incremental scroll to 6000px (4/7)...
2026-07-21 07-33-46 [INFO]       [Selenium] Incremental scroll to 7500px (5/7)...
2026-07-21 07-33-47 [INFO]       [Selenium] Incremental scroll to 9000px (6/7)...
2026-07-21 07-33-49 [INFO]       [Selenium] Incremental scroll to 10500px (7/7)...
2026-07-21 07-33-52 [INFO]    [eJobs] Loading page 4 for telecomunicatii...
2026-07-21 07-33-57 [INFO]       [Selenium] Incremental scroll to 1500px (1/7)...
2026-07-21 07-33-58 [INFO]       [Selenium] Incremental scroll to 3000px (2/7)...
2026-07-21 07-33-59 [INFO]       [Selenium] Incremental scroll to 4500px (3/7)...
2026-07-21 07-34-00 [INFO]       [Selenium] Incremental scroll to 6000px (4/7)...
2026-07-21 07-34-01 [INFO]       [Selenium] Incremental scroll to 7500px (5/7)...
2026-07-21 07-34-03 [INFO]       [Selenium] Incremental scroll to 9000px (6/7)...
2026-07-21 07-34-04 [INFO]       [Selenium] Incremental scroll to 10500px (7/7)...
2026-07-21 07-34-07 [INFO]    [eJobs] Loading page 5 for telecomunicatii...
2026-07-21 07-34-11 [INFO]       [Selenium] Incremental scroll to 1500px (1/7)...
2026-07-21 07-34-13 [INFO]       [Selenium] Incremental scroll to 3000px (2/7)...
2026-07-21 07-34-14 [INFO]       [Selenium] Incremental scroll to 4500px (3/7)...
2026-07-21 07-34-15 [INFO]       [Selenium] Incremental scroll to 6000px (4/7)...
2026-07-21 07-34-16 [INFO]       [Selenium] Incremental scroll to 7500px (5/7)...
2026-07-21 07-34-17 [INFO]       [Selenium] Incremental scroll to 9000px (6/7)...
2026-07-21 07-34-19 [INFO]       [Selenium] Incremental scroll to 10500px (7/7)...
2026-07-21 07-34-22 [INFO]    [eJobs] Loading page 6 for telecomunicatii...
2026-07-21 07-34-26 [INFO]       [Selenium] Incremental scroll to 1500px (1/7)...
2026-07-21 07-34-27 [INFO]       [Selenium] Incremental scroll to 3000px (2/7)...
2026-07-21 07-34-28 [INFO]       [Selenium] Incremental scroll to 4500px (3/7)...
2026-07-21 07-34-30 [INFO]       [Selenium] Incremental scroll to 6000px (4/7)...
2026-07-21 07-34-31 [INFO]       [Selenium] Incremental scroll to 7500px (5/7)...
2026-07-21 07-34-32 [INFO]       [Selenium] Incremental scroll to 9000px (6/7)...
2026-07-21 07-34-33 [INFO]       [Selenium] Incremental scroll to 10500px (7/7)...
2026-07-21 07-34-34 [INFO] No jobs found on page 6. Reached end of category telecomunicatii.
2026-07-21 07-34-34 [INFO]    [Session] Captured 6 cookies + real UA from the browser session for category 'telecomunicatii'.
2026-07-21 07-34-35 [INFO]    [eJobs] Finished telecomunicatii. Total raw jobs collected: 194
2026-07-21 07-34-35 [INFO]  Starting async processing for 194 raw eJobs...
2026-07-21 07-34-35 [INFO]    [Session Reuse] Using 6 cookies from Selenium, over a curl_cffi client impersonating Chrome at the TLS/HTTP2 level.
2026-07-21 07-42-33 [INFO]    [Parser Engine] Starting analytical parsing for 194 fetched pages...
2026-07-21 07-42-38 [INFO]    [Fetch Summary] raw=194 | saved=18 | never_fetched=0
2026-07-21 07-42-38 [INFO] [eJobs Category Summary] 'telecomunicatii': raw=194 saved=18 lost=176
2026-07-21 07-42-38 [INFO] [SQL Database] Done! Out of 18 filtered jobs, 18 were NEW and successfully saved.
2026-07-21 07-42-38 [INFO]    [eJobs Filter] Completed 'telecomunicatii'. Saved 18 relevant jobs!
2026-07-21 07-42-38 [INFO] [Cooldown] Pausing 8s before next eJobs category...
2026-07-21 07-42-46 [INFO] 
🚀 Switching to category: INGINERIE 🚀
2026-07-21 07-42-46 [INFO]    [eJobs] Loading page 1 for inginerie...
2026-07-21 07-42-51 [INFO]       [Selenium] Incremental scroll to 1500px (1/7)...
2026-07-21 07-42-52 [INFO]       [Selenium] Incremental scroll to 3000px (2/7)...
2026-07-21 07-42-53 [INFO]       [Selenium] Incremental scroll to 4500px (3/7)...
2026-07-21 07-42-54 [INFO]       [Selenium] Incremental scroll to 6000px (4/7)...
2026-07-21 07-42-55 [INFO]       [Selenium] Incremental scroll to 7500px (5/7)...
2026-07-21 07-42-57 [INFO]       [Selenium] Incremental scroll to 9000px (6/7)...
2026-07-21 07-42-58 [INFO]       [Selenium] Incremental scroll to 10500px (7/7)...
2026-07-21 07-43-01 [INFO]    [eJobs] Loading page 2 for inginerie...
2026-07-21 07-43-05 [INFO]       [Selenium] Incremental scroll to 1500px (1/7)...
2026-07-21 07-43-06 [INFO]       [Selenium] Incremental scroll to 3000px (2/7)...
2026-07-21 07-43-08 [INFO]       [Selenium] Incremental scroll to 4500px (3/7)...
2026-07-21 07-43-09 [INFO]       [Selenium] Incremental scroll to 6000px (4/7)...
2026-07-21 07-43-10 [INFO]       [Selenium] Incremental scroll to 7500px (5/7)...
2026-07-21 07-43-11 [INFO]       [Selenium] Incremental scroll to 9000px (6/7)...
2026-07-21 07-43-12 [INFO]       [Selenium] Incremental scroll to 10500px (7/7)...
2026-07-21 07-43-16 [INFO]    [eJobs] Loading page 3 for inginerie...
2026-07-21 07-43-20 [INFO]       [Selenium] Incremental scroll to 1500px (1/7)...
2026-07-21 07-43-21 [INFO]       [Selenium] Incremental scroll to 3000px (2/7)...
2026-07-21 07-43-22 [INFO]       [Selenium] Incremental scroll to 4500px (3/7)...
2026-07-21 07-43-23 [INFO]       [Selenium] Incremental scroll to 6000px (4/7)...
2026-07-21 07-43-24 [INFO]       [Selenium] Incremental scroll to 7500px (5/7)...
2026-07-21 07-43-26 [INFO]       [Selenium] Incremental scroll to 9000px (6/7)...
2026-07-21 07-43-27 [INFO]       [Selenium] Incremental scroll to 10500px (7/7)...
2026-07-21 07-43-30 [INFO]    [eJobs] Loading page 4 for inginerie...
2026-07-21 07-43-34 [INFO]       [Selenium] Incremental scroll to 1500px (1/7)...
2026-07-21 07-43-35 [INFO]       [Selenium] Incremental scroll to 3000px (2/7)...
2026-07-21 07-43-36 [INFO]       [Selenium] Incremental scroll to 4500px (3/7)...
2026-07-21 07-43-38 [INFO]       [Selenium] Incremental scroll to 6000px (4/7)...
2026-07-21 07-43-39 [INFO]       [Selenium] Incremental scroll to 7500px (5/7)...
2026-07-21 07-43-40 [INFO]       [Selenium] Incremental scroll to 9000px (6/7)...
2026-07-21 07-43-41 [INFO]       [Selenium] Incremental scroll to 10500px (7/7)...
2026-07-21 07-43-45 [INFO]    [eJobs] Loading page 5 for inginerie...
2026-07-21 07-43-49 [INFO]       [Selenium] Incremental scroll to 1500px (1/7)...
2026-07-21 07-43-50 [INFO]       [Selenium] Incremental scroll to 3000px (2/7)...
2026-07-21 07-43-51 [INFO]       [Selenium] Incremental scroll to 4500px (3/7)...
2026-07-21 07-43-52 [INFO]       [Selenium] Incremental scroll to 6000px (4/7)...
2026-07-21 07-43-53 [INFO]       [Selenium] Incremental scroll to 7500px (5/7)...
2026-07-21 07-43-55 [INFO]       [Selenium] Incremental scroll to 9000px (6/7)...
2026-07-21 07-43-56 [INFO]       [Selenium] Incremental scroll to 10500px (7/7)...
2026-07-21 07-43-59 [INFO]    [eJobs] Loading page 6 for inginerie...
2026-07-21 07-44-04 [INFO]       [Selenium] Incremental scroll to 1500px (1/7)...
2026-07-21 07-44-05 [INFO]       [Selenium] Incremental scroll to 3000px (2/7)...
2026-07-21 07-44-06 [INFO]       [Selenium] Incremental scroll to 4500px (3/7)...
2026-07-21 07-44-07 [INFO]       [Selenium] Incremental scroll to 6000px (4/7)...
2026-07-21 07-44-09 [INFO]       [Selenium] Incremental scroll to 7500px (5/7)...
2026-07-21 07-44-10 [INFO]       [Selenium] Incremental scroll to 9000px (6/7)...
2026-07-21 07-44-11 [INFO]       [Selenium] Incremental scroll to 10500px (7/7)...
2026-07-21 07-44-14 [INFO]    [eJobs] Loading page 7 for inginerie...
2026-07-21 07-44-18 [INFO]       [Selenium] Incremental scroll to 1500px (1/7)...
2026-07-21 07-44-20 [INFO]       [Selenium] Incremental scroll to 3000px (2/7)...
2026-07-21 07-44-21 [INFO]       [Selenium] Incremental scroll to 4500px (3/7)...
2026-07-21 07-44-22 [INFO]       [Selenium] Incremental scroll to 6000px (4/7)...
2026-07-21 07-44-23 [INFO]       [Selenium] Incremental scroll to 7500px (5/7)...
2026-07-21 07-44-24 [INFO]       [Selenium] Incremental scroll to 9000px (6/7)...
2026-07-21 07-44-26 [INFO]       [Selenium] Incremental scroll to 10500px (7/7)...
2026-07-21 07-44-29 [INFO]    [eJobs] Loading page 8 for inginerie...
2026-07-21 07-44-33 [INFO]       [Selenium] Incremental scroll to 1500px (1/7)...
2026-07-21 07-44-34 [INFO]       [Selenium] Incremental scroll to 3000px (2/7)...
2026-07-21 07-44-35 [INFO]       [Selenium] Incremental scroll to 4500px (3/7)...
2026-07-21 07-44-37 [INFO]       [Selenium] Incremental scroll to 6000px (4/7)...
2026-07-21 07-44-38 [INFO]       [Selenium] Incremental scroll to 7500px (5/7)...
2026-07-21 07-44-39 [INFO]       [Selenium] Incremental scroll to 9000px (6/7)...
2026-07-21 07-44-40 [INFO]       [Selenium] Incremental scroll to 10500px (7/7)...
2026-07-21 07-44-43 [INFO]    [eJobs] Loading page 9 for inginerie...
2026-07-21 07-44-47 [INFO]       [Selenium] Incremental scroll to 1500px (1/7)...
2026-07-21 07-44-49 [INFO]       [Selenium] Incremental scroll to 3000px (2/7)...
2026-07-21 07-44-50 [INFO]       [Selenium] Incremental scroll to 4500px (3/7)...
2026-07-21 07-44-51 [INFO]       [Selenium] Incremental scroll to 6000px (4/7)...
2026-07-21 07-44-52 [INFO]       [Selenium] Incremental scroll to 7500px (5/7)...
2026-07-21 07-44-53 [INFO]       [Selenium] Incremental scroll to 9000px (6/7)...
2026-07-21 07-44-55 [INFO]       [Selenium] Incremental scroll to 10500px (7/7)...
2026-07-21 07-44-58 [INFO]    [eJobs] Loading page 10 for inginerie...
2026-07-21 07-45-02 [INFO]       [Selenium] Incremental scroll to 1500px (1/7)...
2026-07-21 07-45-03 [INFO]       [Selenium] Incremental scroll to 3000px (2/7)...
2026-07-21 07-45-04 [INFO]       [Selenium] Incremental scroll to 4500px (3/7)...
2026-07-21 07-45-05 [INFO]       [Selenium] Incremental scroll to 6000px (4/7)...
2026-07-21 07-45-07 [INFO]       [Selenium] Incremental scroll to 7500px (5/7)...
2026-07-21 07-45-08 [INFO]       [Selenium] Incremental scroll to 9000px (6/7)...
2026-07-21 07-45-09 [INFO]       [Selenium] Incremental scroll to 10500px (7/7)...
2026-07-21 07-45-12 [INFO]    [eJobs] Loading page 11 for inginerie...
2026-07-21 07-45-16 [INFO]       [Selenium] Incremental scroll to 1500px (1/7)...
2026-07-21 07-45-17 [INFO]       [Selenium] Incremental scroll to 3000px (2/7)...
2026-07-21 07-45-19 [INFO]       [Selenium] Incremental scroll to 4500px (3/7)...
2026-07-21 07-45-20 [INFO]       [Selenium] Incremental scroll to 6000px (4/7)...
2026-07-21 07-45-21 [INFO]       [Selenium] Incremental scroll to 7500px (5/7)...
2026-07-21 07-45-22 [INFO]       [Selenium] Incremental scroll to 9000px (6/7)...
2026-07-21 07-45-23 [INFO]       [Selenium] Incremental scroll to 10500px (7/7)...
2026-07-21 07-45-27 [INFO]    [eJobs] Loading page 12 for inginerie...
2026-07-21 07-45-31 [INFO]       [Selenium] Incremental scroll to 1500px (1/7)...
2026-07-21 07-45-32 [INFO]       [Selenium] Incremental scroll to 3000px (2/7)...
2026-07-21 07-45-33 [INFO]       [Selenium] Incremental scroll to 4500px (3/7)...
2026-07-21 07-45-34 [INFO]       [Selenium] Incremental scroll to 6000px (4/7)...
2026-07-21 07-45-36 [INFO]       [Selenium] Incremental scroll to 7500px (5/7)...
2026-07-21 07-45-37 [INFO]       [Selenium] Incremental scroll to 9000px (6/7)...
2026-07-21 07-45-38 [INFO]       [Selenium] Incremental scroll to 10500px (7/7)...
2026-07-21 07-45-41 [INFO]    [eJobs] Loading page 13 for inginerie...
2026-07-21 07-45-45 [INFO]       [Selenium] Incremental scroll to 1500px (1/7)...
2026-07-21 07-45-46 [INFO]       [Selenium] Incremental scroll to 3000px (2/7)...
2026-07-21 07-45-47 [INFO]       [Selenium] Incremental scroll to 4500px (3/7)...
2026-07-21 07-45-49 [INFO]       [Selenium] Incremental scroll to 6000px (4/7)...
2026-07-21 07-45-50 [INFO]       [Selenium] Incremental scroll to 7500px (5/7)...
2026-07-21 07-45-51 [INFO]       [Selenium] Incremental scroll to 9000px (6/7)...
2026-07-21 07-45-52 [INFO]       [Selenium] Incremental scroll to 10500px (7/7)...
2026-07-21 07-45-56 [INFO]    [eJobs] Loading page 14 for inginerie...
2026-07-21 07-46-00 [INFO]       [Selenium] Incremental scroll to 1500px (1/7)...
2026-07-21 07-46-01 [INFO]       [Selenium] Incremental scroll to 3000px (2/7)...
2026-07-21 07-46-02 [INFO]       [Selenium] Incremental scroll to 4500px (3/7)...
2026-07-21 07-46-03 [INFO]       [Selenium] Incremental scroll to 6000px (4/7)...
2026-07-21 07-46-04 [INFO]       [Selenium] Incremental scroll to 7500px (5/7)...
2026-07-21 07-46-06 [INFO]       [Selenium] Incremental scroll to 9000px (6/7)...
2026-07-21 07-46-07 [INFO]       [Selenium] Incremental scroll to 10500px (7/7)...
2026-07-21 07-46-10 [INFO]    [eJobs] Loading page 15 for inginerie...
2026-07-21 07-46-14 [INFO]       [Selenium] Incremental scroll to 1500px (1/7)...
2026-07-21 07-46-15 [INFO]       [Selenium] Incremental scroll to 3000px (2/7)...
2026-07-21 07-46-17 [INFO]       [Selenium] Incremental scroll to 4500px (3/7)...
2026-07-21 07-46-18 [INFO]       [Selenium] Incremental scroll to 6000px (4/7)...
2026-07-21 07-46-19 [INFO]       [Selenium] Incremental scroll to 7500px (5/7)...
2026-07-21 07-46-20 [INFO]       [Selenium] Incremental scroll to 9000px (6/7)...
2026-07-21 07-46-21 [INFO]       [Selenium] Incremental scroll to 10500px (7/7)...
2026-07-21 07-46-25 [INFO]    [eJobs] Loading page 16 for inginerie...
2026-07-21 07-46-29 [INFO]       [Selenium] Incremental scroll to 1500px (1/7)...
2026-07-21 07-46-30 [INFO]       [Selenium] Incremental scroll to 3000px (2/7)...
2026-07-21 07-46-31 [INFO]       [Selenium] Incremental scroll to 4500px (3/7)...
2026-07-21 07-46-32 [INFO]       [Selenium] Incremental scroll to 6000px (4/7)...
2026-07-21 07-46-33 [INFO]       [Selenium] Incremental scroll to 7500px (5/7)...
2026-07-21 07-46-35 [INFO]       [Selenium] Incremental scroll to 9000px (6/7)...
2026-07-21 07-46-36 [INFO]       [Selenium] Incremental scroll to 10500px (7/7)...
2026-07-21 07-46-39 [INFO]    [eJobs] Loading page 17 for inginerie...
2026-07-21 07-46-43 [INFO]       [Selenium] Incremental scroll to 1500px (1/7)...
2026-07-21 07-46-44 [INFO]       [Selenium] Incremental scroll to 3000px (2/7)...
2026-07-21 07-46-45 [INFO]       [Selenium] Incremental scroll to 4500px (3/7)...
2026-07-21 07-46-47 [INFO]       [Selenium] Incremental scroll to 6000px (4/7)...
2026-07-21 07-46-48 [INFO]       [Selenium] Incremental scroll to 7500px (5/7)...
2026-07-21 07-46-49 [INFO]       [Selenium] Incremental scroll to 9000px (6/7)...
2026-07-21 07-46-50 [INFO]       [Selenium] Incremental scroll to 10500px (7/7)...
2026-07-21 07-46-54 [INFO]    [eJobs] Loading page 18 for inginerie...
2026-07-21 07-46-58 [INFO]       [Selenium] Incremental scroll to 1500px (1/7)...
2026-07-21 07-46-59 [INFO]       [Selenium] Incremental scroll to 3000px (2/7)...
2026-07-21 07-47-00 [INFO]       [Selenium] Incremental scroll to 4500px (3/7)...
2026-07-21 07-47-01 [INFO]       [Selenium] Incremental scroll to 6000px (4/7)...
2026-07-21 07-47-03 [INFO]       [Selenium] Incremental scroll to 7500px (5/7)...
2026-07-21 07-47-04 [INFO]       [Selenium] Incremental scroll to 9000px (6/7)...
2026-07-21 07-47-05 [INFO]       [Selenium] Incremental scroll to 10500px (7/7)...
2026-07-21 07-47-08 [INFO]    [eJobs] Loading page 19 for inginerie...
2026-07-21 07-47-12 [INFO]       [Selenium] Incremental scroll to 1500px (1/7)...
2026-07-21 07-47-14 [INFO]       [Selenium] Incremental scroll to 3000px (2/7)...
2026-07-21 07-47-15 [INFO]       [Selenium] Incremental scroll to 4500px (3/7)...
2026-07-21 07-47-16 [INFO]       [Selenium] Incremental scroll to 6000px (4/7)...
2026-07-21 07-47-17 [INFO]       [Selenium] Incremental scroll to 7500px (5/7)...
2026-07-21 07-47-19 [INFO]       [Selenium] Incremental scroll to 9000px (6/7)...
2026-07-21 07-47-20 [INFO]       [Selenium] Incremental scroll to 10500px (7/7)...
2026-07-21 07-47-23 [INFO]    [eJobs] Loading page 20 for inginerie...
2026-07-21 07-47-27 [INFO]       [Selenium] Incremental scroll to 1500px (1/7)...
2026-07-21 07-47-28 [INFO]       [Selenium] Incremental scroll to 3000px (2/7)...
2026-07-21 07-47-29 [INFO]       [Selenium] Incremental scroll to 4500px (3/7)...
2026-07-21 07-47-30 [INFO]       [Selenium] Incremental scroll to 6000px (4/7)...
2026-07-21 07-47-32 [INFO]       [Selenium] Incremental scroll to 7500px (5/7)...
2026-07-21 07-47-33 [INFO]       [Selenium] Incremental scroll to 9000px (6/7)...
2026-07-21 07-47-34 [INFO]       [Selenium] Incremental scroll to 10500px (7/7)...
2026-07-21 07-47-35 [INFO] No jobs found on page 20. Reached end of category inginerie.
2026-07-21 07-47-35 [INFO]    [Session] Captured 6 cookies + real UA from the browser session for category 'inginerie'.
2026-07-21 07-47-35 [INFO]    [eJobs] Finished inginerie. Total raw jobs collected: 654
2026-07-21 07-47-35 [INFO]  Starting async processing for 654 raw eJobs...
2026-07-21 07-47-35 [INFO]    [Session Reuse] Using 6 cookies from Selenium, over a curl_cffi client impersonating Chrome at the TLS/HTTP2 level.
2026-07-21 08-14-57 [INFO]    [Parser Engine] Starting analytical parsing for 654 fetched pages...
2026-07-21 08-15-13 [INFO]    [Fetch Summary] raw=654 | saved=70 | never_fetched=0
2026-07-21 08-15-13 [INFO] [eJobs Category Summary] 'inginerie': raw=654 saved=70 lost=584
2026-07-21 08-15-13 [INFO] [SQL Database] Done! Out of 70 filtered jobs, 70 were NEW and successfully saved.
2026-07-21 08-15-13 [INFO]    [eJobs Filter] Completed 'inginerie'. Saved 70 relevant jobs!
2026-07-21 08-15-13 [INFO] [Cooldown] Pausing 8s before next eJobs category...
2026-07-21 08-15-21 [INFO] 
🚀 Switching to category: PRODUCTIE 🚀
2026-07-21 08-15-21 [INFO]    [eJobs] Loading page 1 for productie...
2026-07-21 08-15-25 [INFO]       [Selenium] Incremental scroll to 1500px (1/7)...
2026-07-21 08-15-26 [INFO]       [Selenium] Incremental scroll to 3000px (2/7)...
2026-07-21 08-15-28 [INFO]       [Selenium] Incremental scroll to 4500px (3/7)...
2026-07-21 08-15-29 [INFO]       [Selenium] Incremental scroll to 6000px (4/7)...
2026-07-21 08-15-30 [INFO]       [Selenium] Incremental scroll to 7500px (5/7)...
2026-07-21 08-15-31 [INFO]       [Selenium] Incremental scroll to 9000px (6/7)...
2026-07-21 08-15-32 [INFO]       [Selenium] Incremental scroll to 10500px (7/7)...
2026-07-21 08-15-36 [INFO]    [eJobs] Loading page 2 for productie...
2026-07-21 08-15-41 [INFO]       [Selenium] Incremental scroll to 1500px (1/7)...
2026-07-21 08-15-42 [INFO]       [Selenium] Incremental scroll to 3000px (2/7)...
2026-07-21 08-15-43 [INFO]       [Selenium] Incremental scroll to 4500px (3/7)...
2026-07-21 08-15-45 [INFO]       [Selenium] Incremental scroll to 6000px (4/7)...
2026-07-21 08-15-46 [INFO]       [Selenium] Incremental scroll to 7500px (5/7)...
2026-07-21 08-15-47 [INFO]       [Selenium] Incremental scroll to 9000px (6/7)...
2026-07-21 08-15-48 [INFO]       [Selenium] Incremental scroll to 10500px (7/7)...
2026-07-21 08-15-52 [INFO]    [eJobs] Loading page 3 for productie...
2026-07-21 08-15-55 [INFO]       [Selenium] Incremental scroll to 1500px (1/7)...
2026-07-21 08-15-57 [INFO]       [Selenium] Incremental scroll to 3000px (2/7)...
2026-07-21 08-15-58 [INFO]       [Selenium] Incremental scroll to 4500px (3/7)...
2026-07-21 08-15-59 [INFO]       [Selenium] Incremental scroll to 6000px (4/7)...
2026-07-21 08-16-00 [INFO]       [Selenium] Incremental scroll to 7500px (5/7)...
2026-07-21 08-16-01 [INFO]       [Selenium] Incremental scroll to 9000px (6/7)...
2026-07-21 08-16-03 [INFO]       [Selenium] Incremental scroll to 10500px (7/7)...
2026-07-21 08-16-06 [INFO]    [eJobs] Loading page 4 for productie...
2026-07-21 08-16-10 [INFO]       [Selenium] Incremental scroll to 1500px (1/7)...
2026-07-21 08-16-11 [INFO]       [Selenium] Incremental scroll to 3000px (2/7)...
2026-07-21 08-16-12 [INFO]       [Selenium] Incremental scroll to 4500px (3/7)...
2026-07-21 08-16-13 [INFO]       [Selenium] Incremental scroll to 6000px (4/7)...
2026-07-21 08-16-15 [INFO]       [Selenium] Incremental scroll to 7500px (5/7)...
2026-07-21 08-16-16 [INFO]       [Selenium] Incremental scroll to 9000px (6/7)...
2026-07-21 08-16-17 [INFO]       [Selenium] Incremental scroll to 10500px (7/7)...
2026-07-21 08-16-20 [INFO]    [eJobs] Loading page 5 for productie...
2026-07-21 08-16-24 [INFO]       [Selenium] Incremental scroll to 1500px (1/7)...
2026-07-21 08-16-26 [INFO]       [Selenium] Incremental scroll to 3000px (2/7)...
2026-07-21 08-16-27 [INFO]       [Selenium] Incremental scroll to 4500px (3/7)...
2026-07-21 08-16-28 [INFO]       [Selenium] Incremental scroll to 6000px (4/7)...
2026-07-21 08-16-29 [INFO]       [Selenium] Incremental scroll to 7500px (5/7)...
2026-07-21 08-16-30 [INFO]       [Selenium] Incremental scroll to 9000px (6/7)...
2026-07-21 08-16-32 [INFO]       [Selenium] Incremental scroll to 10500px (7/7)...
2026-07-21 08-16-35 [INFO]    [eJobs] Loading page 6 for productie...
2026-07-21 08-16-40 [INFO]       [Selenium] Incremental scroll to 1500px (1/7)...
2026-07-21 08-16-41 [INFO]       [Selenium] Incremental scroll to 3000px (2/7)...
2026-07-21 08-16-42 [INFO]       [Selenium] Incremental scroll to 4500px (3/7)...
2026-07-21 08-16-43 [INFO]       [Selenium] Incremental scroll to 6000px (4/7)...
2026-07-21 08-16-45 [INFO]       [Selenium] Incremental scroll to 7500px (5/7)...
2026-07-21 08-16-46 [INFO]       [Selenium] Incremental scroll to 9000px (6/7)...
2026-07-21 08-16-47 [INFO]       [Selenium] Incremental scroll to 10500px (7/7)...
2026-07-21 08-16-50 [INFO]    [eJobs] Loading page 7 for productie...
2026-07-21 08-16-54 [INFO]       [Selenium] Incremental scroll to 1500px (1/7)...
2026-07-21 08-16-55 [INFO]       [Selenium] Incremental scroll to 3000px (2/7)...
2026-07-21 08-16-57 [INFO]       [Selenium] Incremental scroll to 4500px (3/7)...
2026-07-21 08-16-58 [INFO]       [Selenium] Incremental scroll to 6000px (4/7)...
2026-07-21 08-16-59 [INFO]       [Selenium] Incremental scroll to 7500px (5/7)...
2026-07-21 08-17-00 [INFO]       [Selenium] Incremental scroll to 9000px (6/7)...
2026-07-21 08-17-01 [INFO]       [Selenium] Incremental scroll to 10500px (7/7)...
2026-07-21 08-17-05 [INFO]    [eJobs] Loading page 8 for productie...
2026-07-21 08-17-09 [INFO]       [Selenium] Incremental scroll to 1500px (1/7)...
2026-07-21 08-17-10 [INFO]       [Selenium] Incremental scroll to 3000px (2/7)...
2026-07-21 08-17-11 [INFO]       [Selenium] Incremental scroll to 4500px (3/7)...
2026-07-21 08-17-12 [INFO]       [Selenium] Incremental scroll to 6000px (4/7)...
2026-07-21 08-17-14 [INFO]       [Selenium] Incremental scroll to 7500px (5/7)...
2026-07-21 08-17-15 [INFO]       [Selenium] Incremental scroll to 9000px (6/7)...
2026-07-21 08-17-16 [INFO]       [Selenium] Incremental scroll to 10500px (7/7)...
2026-07-21 08-17-19 [INFO]    [eJobs] Loading page 9 for productie...
2026-07-21 08-17-23 [INFO]       [Selenium] Incremental scroll to 1500px (1/7)...
2026-07-21 08-17-24 [INFO]       [Selenium] Incremental scroll to 3000px (2/7)...
2026-07-21 08-17-25 [INFO]       [Selenium] Incremental scroll to 4500px (3/7)...
2026-07-21 08-17-27 [INFO]       [Selenium] Incremental scroll to 6000px (4/7)...
2026-07-21 08-17-28 [INFO]       [Selenium] Incremental scroll to 7500px (5/7)...
2026-07-21 08-17-29 [INFO]       [Selenium] Incremental scroll to 9000px (6/7)...
2026-07-21 08-17-30 [INFO]       [Selenium] Incremental scroll to 10500px (7/7)...
2026-07-21 08-17-34 [INFO]    [eJobs] Loading page 10 for productie...
2026-07-21 08-17-37 [INFO]       [Selenium] Incremental scroll to 1500px (1/7)...
2026-07-21 08-17-39 [INFO]       [Selenium] Incremental scroll to 3000px (2/7)...
2026-07-21 08-17-40 [INFO]       [Selenium] Incremental scroll to 4500px (3/7)...
2026-07-21 08-17-41 [INFO]       [Selenium] Incremental scroll to 6000px (4/7)...
2026-07-21 08-17-42 [INFO]       [Selenium] Incremental scroll to 7500px (5/7)...
2026-07-21 08-17-43 [INFO]       [Selenium] Incremental scroll to 9000px (6/7)...
2026-07-21 08-17-45 [INFO]       [Selenium] Incremental scroll to 10500px (7/7)...
2026-07-21 08-17-48 [INFO]    [eJobs] Loading page 11 for productie...
2026-07-21 08-17-52 [INFO]       [Selenium] Incremental scroll to 1500px (1/7)...
2026-07-21 08-17-53 [INFO]       [Selenium] Incremental scroll to 3000px (2/7)...
2026-07-21 08-17-54 [INFO]       [Selenium] Incremental scroll to 4500px (3/7)...
2026-07-21 08-17-55 [INFO]       [Selenium] Incremental scroll to 6000px (4/7)...
2026-07-21 08-17-57 [INFO]       [Selenium] Incremental scroll to 7500px (5/7)...
2026-07-21 08-17-58 [INFO]       [Selenium] Incremental scroll to 9000px (6/7)...
2026-07-21 08-17-59 [INFO]       [Selenium] Incremental scroll to 10500px (7/7)...
2026-07-21 08-18-02 [INFO]    [eJobs] Loading page 12 for productie...
2026-07-21 08-18-06 [INFO]       [Selenium] Incremental scroll to 1500px (1/7)...
2026-07-21 08-18-07 [INFO]       [Selenium] Incremental scroll to 3000px (2/7)...
2026-07-21 08-18-09 [INFO]       [Selenium] Incremental scroll to 4500px (3/7)...
2026-07-21 08-18-10 [INFO]       [Selenium] Incremental scroll to 6000px (4/7)...
2026-07-21 08-18-11 [INFO]       [Selenium] Incremental scroll to 7500px (5/7)...
2026-07-21 08-18-12 [INFO]       [Selenium] Incremental scroll to 9000px (6/7)...
2026-07-21 08-18-13 [INFO]       [Selenium] Incremental scroll to 10500px (7/7)...
2026-07-21 08-18-17 [INFO]    [eJobs] Loading page 13 for productie...
2026-07-21 08-18-22 [INFO]       [Selenium] Incremental scroll to 1500px (1/7)...
2026-07-21 08-18-23 [INFO]       [Selenium] Incremental scroll to 3000px (2/7)...
2026-07-21 08-18-24 [INFO]       [Selenium] Incremental scroll to 4500px (3/7)...
2026-07-21 08-18-25 [INFO]       [Selenium] Incremental scroll to 6000px (4/7)...
2026-07-21 08-18-27 [INFO]       [Selenium] Incremental scroll to 7500px (5/7)...
2026-07-21 08-18-28 [INFO]       [Selenium] Incremental scroll to 9000px (6/7)...
2026-07-21 08-18-29 [INFO]       [Selenium] Incremental scroll to 10500px (7/7)...
2026-07-21 08-18-32 [INFO]    [eJobs] Loading page 14 for productie...
2026-07-21 08-18-36 [INFO]       [Selenium] Incremental scroll to 1500px (1/7)...
2026-07-21 08-18-37 [INFO]       [Selenium] Incremental scroll to 3000px (2/7)...
2026-07-21 08-18-39 [INFO]       [Selenium] Incremental scroll to 4500px (3/7)...
2026-07-21 08-18-40 [INFO]       [Selenium] Incremental scroll to 6000px (4/7)...
2026-07-21 08-18-41 [INFO]       [Selenium] Incremental scroll to 7500px (5/7)...
2026-07-21 08-18-42 [INFO]       [Selenium] Incremental scroll to 9000px (6/7)...
2026-07-21 08-18-43 [INFO]       [Selenium] Incremental scroll to 10500px (7/7)...
2026-07-21 08-18-47 [INFO]    [eJobs] Loading page 15 for productie...
2026-07-21 08-18-51 [INFO]       [Selenium] Incremental scroll to 1500px (1/7)...
2026-07-21 08-18-52 [INFO]       [Selenium] Incremental scroll to 3000px (2/7)...
2026-07-21 08-18-53 [INFO]       [Selenium] Incremental scroll to 4500px (3/7)...
2026-07-21 08-18-54 [INFO]       [Selenium] Incremental scroll to 6000px (4/7)...
2026-07-21 08-18-55 [INFO]       [Selenium] Incremental scroll to 7500px (5/7)...
2026-07-21 08-18-57 [INFO]       [Selenium] Incremental scroll to 9000px (6/7)...
2026-07-21 08-18-58 [INFO]       [Selenium] Incremental scroll to 10500px (7/7)...
2026-07-21 08-19-01 [INFO]    [eJobs] Loading page 16 for productie...
2026-07-21 08-19-05 [INFO]       [Selenium] Incremental scroll to 1500px (1/7)...
2026-07-21 08-19-07 [INFO]       [Selenium] Incremental scroll to 3000px (2/7)...
2026-07-21 08-19-08 [INFO]       [Selenium] Incremental scroll to 4500px (3/7)...
2026-07-21 08-19-09 [INFO]       [Selenium] Incremental scroll to 6000px (4/7)...
2026-07-21 08-19-10 [INFO]       [Selenium] Incremental scroll to 7500px (5/7)...
2026-07-21 08-19-11 [INFO]       [Selenium] Incremental scroll to 9000px (6/7)...
2026-07-21 08-19-13 [INFO]       [Selenium] Incremental scroll to 10500px (7/7)...
2026-07-21 08-19-16 [INFO]    [eJobs] Loading page 17 for productie...
2026-07-21 08-19-20 [INFO]       [Selenium] Incremental scroll to 1500px (1/7)...
2026-07-21 08-19-21 [INFO]       [Selenium] Incremental scroll to 3000px (2/7)...
2026-07-21 08-19-22 [INFO]       [Selenium] Incremental scroll to 4500px (3/7)...
2026-07-21 08-19-23 [INFO]       [Selenium] Incremental scroll to 6000px (4/7)...
2026-07-21 08-19-25 [INFO]       [Selenium] Incremental scroll to 7500px (5/7)...
2026-07-21 08-19-26 [INFO]       [Selenium] Incremental scroll to 9000px (6/7)...
2026-07-21 08-19-27 [INFO]       [Selenium] Incremental scroll to 10500px (7/7)...
2026-07-21 08-19-30 [INFO]    [eJobs] Loading page 18 for productie...
2026-07-21 08-19-34 [INFO]       [Selenium] Incremental scroll to 1500px (1/7)...
2026-07-21 08-19-35 [INFO]       [Selenium] Incremental scroll to 3000px (2/7)...
2026-07-21 08-19-37 [INFO]       [Selenium] Incremental scroll to 4500px (3/7)...
2026-07-21 08-19-38 [INFO]       [Selenium] Incremental scroll to 6000px (4/7)...
2026-07-21 08-19-39 [INFO]       [Selenium] Incremental scroll to 7500px (5/7)...
2026-07-21 08-19-40 [INFO]       [Selenium] Incremental scroll to 9000px (6/7)...
2026-07-21 08-19-41 [INFO]       [Selenium] Incremental scroll to 10500px (7/7)...
2026-07-21 08-19-45 [INFO]    [eJobs] Loading page 19 for productie...
2026-07-21 08-19-49 [INFO]       [Selenium] Incremental scroll to 1500px (1/7)...
2026-07-21 08-19-50 [INFO]       [Selenium] Incremental scroll to 3000px (2/7)...
2026-07-21 08-19-51 [INFO]       [Selenium] Incremental scroll to 4500px (3/7)...
2026-07-21 08-19-52 [INFO]       [Selenium] Incremental scroll to 6000px (4/7)...
2026-07-21 08-19-53 [INFO]       [Selenium] Incremental scroll to 7500px (5/7)...
2026-07-21 08-19-55 [INFO]       [Selenium] Incremental scroll to 9000px (6/7)...
2026-07-21 08-19-56 [INFO]       [Selenium] Incremental scroll to 10500px (7/7)...
2026-07-21 08-19-59 [INFO]    [eJobs] Loading page 20 for productie...
2026-07-21 08-20-03 [INFO]       [Selenium] Incremental scroll to 1500px (1/7)...
2026-07-21 08-20-04 [INFO]       [Selenium] Incremental scroll to 3000px (2/7)...
2026-07-21 08-20-06 [INFO]       [Selenium] Incremental scroll to 4500px (3/7)...
2026-07-21 08-20-07 [INFO]       [Selenium] Incremental scroll to 6000px (4/7)...
2026-07-21 08-20-08 [INFO]       [Selenium] Incremental scroll to 7500px (5/7)...
2026-07-21 08-20-09 [INFO]       [Selenium] Incremental scroll to 9000px (6/7)...
2026-07-21 08-20-10 [INFO]       [Selenium] Incremental scroll to 10500px (7/7)...
2026-07-21 08-20-14 [INFO]    [eJobs] Loading page 21 for productie...
2026-07-21 08-20-18 [INFO]       [Selenium] Incremental scroll to 1500px (1/7)...
2026-07-21 08-20-19 [INFO]       [Selenium] Incremental scroll to 3000px (2/7)...
2026-07-21 08-20-20 [INFO]       [Selenium] Incremental scroll to 4500px (3/7)...
2026-07-21 08-20-21 [INFO]       [Selenium] Incremental scroll to 6000px (4/7)...
2026-07-21 08-20-22 [INFO]       [Selenium] Incremental scroll to 7500px (5/7)...
2026-07-21 08-20-24 [INFO]       [Selenium] Incremental scroll to 9000px (6/7)...
2026-07-21 08-20-25 [INFO]       [Selenium] Incremental scroll to 10500px (7/7)...
2026-07-21 08-20-28 [INFO]    [eJobs] Loading page 22 for productie...
2026-07-21 08-20-32 [INFO]       [Selenium] Incremental scroll to 1500px (1/7)...
2026-07-21 08-20-33 [INFO]       [Selenium] Incremental scroll to 3000px (2/7)...
2026-07-21 08-20-34 [INFO]       [Selenium] Incremental scroll to 4500px (3/7)...
2026-07-21 08-20-36 [INFO]       [Selenium] Incremental scroll to 6000px (4/7)...
2026-07-21 08-20-37 [INFO]       [Selenium] Incremental scroll to 7500px (5/7)...
2026-07-21 08-20-38 [INFO]       [Selenium] Incremental scroll to 9000px (6/7)...
2026-07-21 08-20-39 [INFO]       [Selenium] Incremental scroll to 10500px (7/7)...
2026-07-21 08-20-43 [INFO]    [eJobs] Loading page 23 for productie...
2026-07-21 08-20-46 [INFO]       [Selenium] Incremental scroll to 1500px (1/7)...
2026-07-21 08-20-48 [INFO]       [Selenium] Incremental scroll to 3000px (2/7)...
2026-07-21 08-20-49 [INFO]       [Selenium] Incremental scroll to 4500px (3/7)...
2026-07-21 08-20-50 [INFO]       [Selenium] Incremental scroll to 6000px (4/7)...
2026-07-21 08-20-51 [INFO]       [Selenium] Incremental scroll to 7500px (5/7)...
2026-07-21 08-20-52 [INFO]       [Selenium] Incremental scroll to 9000px (6/7)...
2026-07-21 08-20-54 [INFO]       [Selenium] Incremental scroll to 10500px (7/7)...
2026-07-21 08-20-57 [INFO]    [eJobs] Loading page 24 for productie...
2026-07-21 08-21-01 [INFO]       [Selenium] Incremental scroll to 1500px (1/7)...
2026-07-21 08-21-02 [INFO]       [Selenium] Incremental scroll to 3000px (2/7)...
2026-07-21 08-21-03 [INFO]       [Selenium] Incremental scroll to 4500px (3/7)...
2026-07-21 08-21-05 [INFO]       [Selenium] Incremental scroll to 6000px (4/7)...
2026-07-21 08-21-06 [INFO]       [Selenium] Incremental scroll to 7500px (5/7)...
2026-07-21 08-21-07 [INFO]       [Selenium] Incremental scroll to 9000px (6/7)...
2026-07-21 08-21-08 [INFO]       [Selenium] Incremental scroll to 10500px (7/7)...
2026-07-21 08-21-11 [INFO]    [eJobs] Loading page 25 for productie...
2026-07-21 08-21-15 [INFO]       [Selenium] Incremental scroll to 1500px (1/7)...
2026-07-21 08-21-17 [INFO]       [Selenium] Incremental scroll to 3000px (2/7)...
2026-07-21 08-21-18 [INFO]       [Selenium] Incremental scroll to 4500px (3/7)...
2026-07-21 08-21-19 [INFO]       [Selenium] Incremental scroll to 6000px (4/7)...
2026-07-21 08-21-20 [INFO]       [Selenium] Incremental scroll to 7500px (5/7)...
2026-07-21 08-21-21 [INFO]       [Selenium] Incremental scroll to 9000px (6/7)...
2026-07-21 08-21-23 [INFO]       [Selenium] Incremental scroll to 10500px (7/7)...
2026-07-21 08-21-26 [INFO]    [eJobs] Loading page 26 for productie...
2026-07-21 08-21-52 [INFO]       [Selenium] Incremental scroll to 1500px (1/7)...
2026-07-21 08-21-53 [INFO]       [Selenium] Incremental scroll to 3000px (2/7)...
2026-07-21 08-21-54 [INFO]       [Selenium] Incremental scroll to 4500px (3/7)...
2026-07-21 08-21-55 [INFO]       [Selenium] Incremental scroll to 6000px (4/7)...
2026-07-21 08-21-57 [INFO]       [Selenium] Incremental scroll to 7500px (5/7)...
2026-07-21 08-21-58 [INFO]       [Selenium] Incremental scroll to 9000px (6/7)...
2026-07-21 08-21-59 [INFO]       [Selenium] Incremental scroll to 10500px (7/7)...
2026-07-21 08-22-02 [INFO]    [eJobs] Loading page 27 for productie...
2026-07-21 08-22-06 [INFO]       [Selenium] Incremental scroll to 1500px (1/7)...
2026-07-21 08-22-08 [INFO]       [Selenium] Incremental scroll to 3000px (2/7)...
2026-07-21 08-22-09 [INFO]       [Selenium] Incremental scroll to 4500px (3/7)...
2026-07-21 08-22-10 [INFO]       [Selenium] Incremental scroll to 6000px (4/7)...
2026-07-21 08-22-11 [INFO]       [Selenium] Incremental scroll to 7500px (5/7)...
2026-07-21 08-22-12 [INFO]       [Selenium] Incremental scroll to 9000px (6/7)...
2026-07-21 08-22-14 [INFO]       [Selenium] Incremental scroll to 10500px (7/7)...
2026-07-21 08-22-17 [INFO]    [eJobs] Loading page 28 for productie...
2026-07-21 08-22-21 [INFO]       [Selenium] Incremental scroll to 1500px (1/7)...
2026-07-21 08-22-22 [INFO]       [Selenium] Incremental scroll to 3000px (2/7)...
2026-07-21 08-22-24 [INFO]       [Selenium] Incremental scroll to 4500px (3/7)...
2026-07-21 08-22-25 [INFO]       [Selenium] Incremental scroll to 6000px (4/7)...
2026-07-21 08-22-26 [INFO]       [Selenium] Incremental scroll to 7500px (5/7)...
2026-07-21 08-22-27 [INFO]       [Selenium] Incremental scroll to 9000px (6/7)...
2026-07-21 08-22-28 [INFO]       [Selenium] Incremental scroll to 10500px (7/7)...
2026-07-21 08-22-32 [INFO]    [eJobs] Loading page 29 for productie...
2026-07-21 08-22-36 [INFO]       [Selenium] Incremental scroll to 1500px (1/7)...
2026-07-21 08-22-37 [INFO]       [Selenium] Incremental scroll to 3000px (2/7)...
2026-07-21 08-22-38 [INFO]       [Selenium] Incremental scroll to 4500px (3/7)...
2026-07-21 08-22-39 [INFO]       [Selenium] Incremental scroll to 6000px (4/7)...
2026-07-21 08-22-41 [INFO]       [Selenium] Incremental scroll to 7500px (5/7)...
2026-07-21 08-22-42 [INFO]       [Selenium] Incremental scroll to 9000px (6/7)...
2026-07-21 08-22-43 [INFO]       [Selenium] Incremental scroll to 10500px (7/7)...
2026-07-21 08-22-44 [INFO] No jobs found on page 29. Reached end of category productie.
2026-07-21 08-22-44 [INFO]    [Session] Captured 6 cookies + real UA from the browser session for category 'productie'.
2026-07-21 08-22-44 [INFO]    [eJobs] Finished productie. Total raw jobs collected: 942
2026-07-21 08-22-44 [INFO]  Starting async processing for 942 raw eJobs...
2026-07-21 08-22-44 [INFO]    [Session Reuse] Using 6 cookies from Selenium, over a curl_cffi client impersonating Chrome at the TLS/HTTP2 level.
2026-07-21 09-02-11 [INFO]    [Parser Engine] Starting analytical parsing for 942 fetched pages...
2026-07-21 09-02-33 [INFO]    [Fetch Summary] raw=942 | saved=112 | never_fetched=0
2026-07-21 09-02-33 [INFO] [eJobs Category Summary] 'productie': raw=942 saved=112 lost=830
2026-07-21 09-02-33 [INFO] [SQL Database] Done! Out of 112 filtered jobs, 112 were NEW and successfully saved.
2026-07-21 09-02-33 [INFO]    [eJobs Filter] Completed 'productie'. Saved 112 relevant jobs!
2026-07-21 09-02-33 [INFO] [Cooldown] Pausing 8s before next eJobs category...
2026-07-21 09-02-41 [INFO] 
🚀 Switching to BestJobs category: IT 🚀
2026-07-21 09-02-41 [INFO] Downloading it from BestJobs...
2026-07-21 09-02-49 [INFO]    [Selenium] Starting progressive manual scroll and click loop...
2026-07-21 09-02-57 [INFO]    [Selenium] Clicked 'Load more' (1/50). Loading next batch...
2026-07-21 09-03-08 [INFO]    [Selenium] Clicked 'Load more' (2/50). Loading next batch...
2026-07-21 09-03-18 [INFO]    [Selenium] Clicked 'Load more' (3/50). Loading next batch...
2026-07-21 09-03-29 [INFO]    [Selenium] Clicked 'Load more' (4/50). Loading next batch...
2026-07-21 09-03-40 [INFO]    [Selenium] Clicked 'Load more' (5/50). Loading next batch...
2026-07-21 09-03-51 [INFO]    [Selenium] Clicked 'Load more' (6/50). Loading next batch...
2026-07-21 09-04-02 [INFO]    [Selenium] Clicked 'Load more' (7/50). Loading next batch...
2026-07-21 09-04-12 [INFO]    [Selenium] Clicked 'Load more' (8/50). Loading next batch...
2026-07-21 09-04-23 [INFO]    [Selenium] Clicked 'Load more' (9/50). Loading next batch...
2026-07-21 09-04-34 [INFO]    [Selenium] Clicked 'Load more' (10/50). Loading next batch...
2026-07-21 09-04-45 [INFO]    [Selenium] Clicked 'Load more' (11/50). Loading next batch...
2026-07-21 09-04-56 [INFO]    [Selenium] Clicked 'Load more' (12/50). Loading next batch...
2026-07-21 09-05-07 [INFO]    [Selenium] Clicked 'Load more' (13/50). Loading next batch...
2026-07-21 09-05-18 [INFO]    [Selenium] Clicked 'Load more' (14/50). Loading next batch...
2026-07-21 09-05-29 [INFO]    [Selenium] Clicked 'Load more' (15/50). Loading next batch...
2026-07-21 09-05-40 [INFO]    [Selenium] Clicked 'Load more' (16/50). Loading next batch...
2026-07-21 09-05-51 [INFO]    [Selenium] Clicked 'Load more' (17/50). Loading next batch...
2026-07-21 09-06-02 [INFO]    [Selenium] Clicked 'Load more' (18/50). Loading next batch...
2026-07-21 09-06-13 [INFO]    [Selenium] Clicked 'Load more' (19/50). Loading next batch...
2026-07-21 09-06-24 [INFO]    [Selenium] Clicked 'Load more' (20/50). Loading next batch...
2026-07-21 09-06-35 [INFO]    [Selenium] Clicked 'Load more' (21/50). Loading next batch...
2026-07-21 09-06-47 [INFO]    [Selenium] Clicked 'Load more' (22/50). Loading next batch...
2026-07-21 09-06-58 [INFO]    [Selenium] Clicked 'Load more' (23/50). Loading next batch...
2026-07-21 09-07-09 [INFO]    [Selenium] Clicked 'Load more' (24/50). Loading next batch...
2026-07-21 09-07-21 [INFO]    [Selenium] Clicked 'Load more' (25/50). Loading next batch...
2026-07-21 09-07-33 [INFO]    [Selenium] Clicked 'Load more' (26/50). Loading next batch...
2026-07-21 09-07-45 [INFO]    [Selenium] Clicked 'Load more' (27/50). Loading next batch...
2026-07-21 09-07-57 [INFO]    [Selenium] Clicked 'Load more' (28/50). Loading next batch...
2026-07-21 09-08-10 [INFO]    [Selenium] Clicked 'Load more' (29/50). Loading next batch...
2026-07-21 09-08-22 [INFO]    [Selenium] Clicked 'Load more' (30/50). Loading next batch...
2026-07-21 09-08-35 [INFO]    [Selenium] Clicked 'Load more' (31/50). Loading next batch...
2026-07-21 09-08-48 [INFO]    [Selenium] Clicked 'Load more' (32/50). Loading next batch...
2026-07-21 09-09-01 [INFO]    [Selenium] Clicked 'Load more' (33/50). Loading next batch...
2026-07-21 09-09-14 [INFO]    [Selenium] Clicked 'Load more' (34/50). Loading next batch...
2026-07-21 09-09-27 [INFO]    [Selenium] Clicked 'Load more' (35/50). Loading next batch...
2026-07-21 09-09-41 [INFO]    [Selenium] Clicked 'Load more' (36/50). Loading next batch...
2026-07-21 09-09-54 [INFO]    [Selenium] Clicked 'Load more' (37/50). Loading next batch...
2026-07-21 09-10-08 [INFO]    [Selenium] Clicked 'Load more' (38/50). Loading next batch...
2026-07-21 09-10-22 [INFO]    [Selenium] Clicked 'Load more' (39/50). Loading next batch...
2026-07-21 09-10-36 [INFO]    [Selenium] Clicked 'Load more' (40/50). Loading next batch...
2026-07-21 09-10-52 [INFO]    [Selenium] Clicked 'Load more' (41/50). Loading next batch...
2026-07-21 09-11-07 [INFO]    [Selenium] Clicked 'Load more' (42/50). Loading next batch...
2026-07-21 09-11-21 [INFO]    [Selenium] Clicked 'Load more' (43/50). Loading next batch...
2026-07-21 09-11-36 [INFO]    [Selenium] Clicked 'Load more' (44/50). Loading next batch...
2026-07-21 09-11-53 [INFO]    [Selenium] Clicked 'Load more' (45/50). Loading next batch...
2026-07-21 09-12-09 [INFO]    [Selenium] Clicked 'Load more' (46/50). Loading next batch...
2026-07-21 09-12-26 [INFO]    [Selenium] Clicked 'Load more' (47/50). Loading next batch...
2026-07-21 09-12-42 [INFO]    [Selenium] Clicked 'Load more' (48/50). Loading next batch...
2026-07-21 09-12-57 [INFO]    [Selenium] Clicked 'Load more' (49/50). Loading next batch...
2026-07-21 09-13-13 [INFO]    [Selenium] Clicked 'Load more' (50/50). Loading next batch...
2026-07-21 09-13-17 [INFO] 
[Soup] Total jobs loaded after deep scroll: 1162 !
2026-07-21 09-13-19 [INFO] 🔥 Starting async processing for 1162 raw BestJobs...
2026-07-21 09-22-03 [INFO]    [Parser Engine BestJobs] Starting analytical parsing for 1162 fetched pages...
2026-07-21 09-22-22 [INFO] [SQL Database] Done! Out of 854 filtered jobs, 854 were NEW and successfully saved.
2026-07-21 09-22-22 [INFO]    [BestJobs Filter] Completed 'it'. Saved 854 relevant jobs!
2026-07-21 09-22-22 [INFO] 
🚀 Switching to BestJobs category: TELECOM 🚀
2026-07-21 09-22-22 [INFO] Downloading telecom from BestJobs...
2026-07-21 09-22-32 [INFO]    [Selenium] Starting progressive manual scroll and click loop...
2026-07-21 09-22-39 [INFO]    [Selenium] Clicked 'Load more' (1/50). Loading next batch...
2026-07-21 09-22-50 [INFO]    [Selenium] Clicked 'Load more' (2/50). Loading next batch...
2026-07-21 09-23-01 [INFO]    [Selenium] Clicked 'Load more' (3/50). Loading next batch...
2026-07-21 09-23-12 [INFO]    [Selenium] Clicked 'Load more' (4/50). Loading next batch...
2026-07-21 09-23-22 [INFO]    [Selenium] Clicked 'Load more' (5/50). Loading next batch...
2026-07-21 09-23-33 [INFO]    [Selenium] Clicked 'Load more' (6/50). Loading next batch...
2026-07-21 09-23-44 [INFO]    [Selenium] Clicked 'Load more' (7/50). Loading next batch...
2026-07-21 09-23-55 [INFO]    [Selenium] Clicked 'Load more' (8/50). Loading next batch...
2026-07-21 09-24-06 [INFO]    [Selenium] Clicked 'Load more' (9/50). Loading next batch...
2026-07-21 09-24-17 [INFO]    [Selenium] Clicked 'Load more' (10/50). Loading next batch...
2026-07-21 09-24-28 [INFO]    [Selenium] Clicked 'Load more' (11/50). Loading next batch...
2026-07-21 09-24-39 [INFO]    [Selenium] Clicked 'Load more' (12/50). Loading next batch...
2026-07-21 09-24-50 [INFO]    [Selenium] Clicked 'Load more' (13/50). Loading next batch...
2026-07-21 09-25-00 [INFO]    [Selenium] Clicked 'Load more' (14/50). Loading next batch...
2026-07-21 09-25-11 [INFO]    [Selenium] Clicked 'Load more' (15/50). Loading next batch...
2026-07-21 09-25-22 [INFO]    [Selenium] Clicked 'Load more' (16/50). Loading next batch...
2026-07-21 09-25-33 [INFO]    [Selenium] Clicked 'Load more' (17/50). Loading next batch...
2026-07-21 09-25-44 [INFO]    [Selenium] Clicked 'Load more' (18/50). Loading next batch...
2026-07-21 09-25-55 [INFO]    [Selenium] Clicked 'Load more' (19/50). Loading next batch...
2026-07-21 09-26-05 [INFO]    [Selenium] Clicked 'Load more' (20/50). Loading next batch...
2026-07-21 09-26-16 [INFO]    [Selenium] Clicked 'Load more' (21/50). Loading next batch...
2026-07-21 09-26-27 [INFO]    [Selenium] Clicked 'Load more' (22/50). Loading next batch...
2026-07-21 09-26-38 [INFO]    [Selenium] Clicked 'Load more' (23/50). Loading next batch...
2026-07-21 09-26-49 [INFO]    [Selenium] Clicked 'Load more' (24/50). Loading next batch...
2026-07-21 09-27-00 [INFO]    [Selenium] Clicked 'Load more' (25/50). Loading next batch...
2026-07-21 09-27-10 [INFO]    [Selenium] Clicked 'Load more' (26/50). Loading next batch...
2026-07-21 09-27-21 [INFO]    [Selenium] Clicked 'Load more' (27/50). Loading next batch...
2026-07-21 09-27-32 [INFO]    [Selenium] Clicked 'Load more' (28/50). Loading next batch...
2026-07-21 09-27-43 [INFO]    [Selenium] Clicked 'Load more' (29/50). Loading next batch...
2026-07-21 09-27-54 [INFO]    [Selenium] Clicked 'Load more' (30/50). Loading next batch...
2026-07-21 09-28-04 [INFO]    [Selenium] Clicked 'Load more' (31/50). Loading next batch...
2026-07-21 09-28-15 [INFO]    [Selenium] Clicked 'Load more' (32/50). Loading next batch...
2026-07-21 09-28-26 [INFO]    [Selenium] Clicked 'Load more' (33/50). Loading next batch...
2026-07-21 09-28-37 [INFO]    [Selenium] Clicked 'Load more' (34/50). Loading next batch...
2026-07-21 09-28-48 [INFO]    [Selenium] Clicked 'Load more' (35/50). Loading next batch...
2026-07-21 09-28-59 [INFO]    [Selenium] Clicked 'Load more' (36/50). Loading next batch...
2026-07-21 09-29-09 [INFO]    [Selenium] Clicked 'Load more' (37/50). Loading next batch...
2026-07-21 09-29-20 [INFO]    [Selenium] Clicked 'Load more' (38/50). Loading next batch...
2026-07-21 09-29-31 [INFO]    [Selenium] Clicked 'Load more' (39/50). Loading next batch...
2026-07-21 09-29-42 [INFO]    [Selenium] Clicked 'Load more' (40/50). Loading next batch...
2026-07-21 09-29-53 [INFO]    [Selenium] Clicked 'Load more' (41/50). Loading next batch...
2026-07-21 09-30-04 [INFO]    [Selenium] Clicked 'Load more' (42/50). Loading next batch...
2026-07-21 09-30-15 [INFO]    [Selenium] Clicked 'Load more' (43/50). Loading next batch...
2026-07-21 09-30-25 [INFO]    [Selenium] Clicked 'Load more' (44/50). Loading next batch...
2026-07-21 09-30-36 [INFO]    [Selenium] Clicked 'Load more' (45/50). Loading next batch...
2026-07-21 09-30-47 [INFO]    [Selenium] Clicked 'Load more' (46/50). Loading next batch...
2026-07-21 09-30-58 [INFO]    [Selenium] Clicked 'Load more' (47/50). Loading next batch...
2026-07-21 09-31-09 [INFO]    [Selenium] Clicked 'Load more' (48/50). Loading next batch...
2026-07-21 09-31-20 [INFO]    [Selenium] Clicked 'Load more' (49/50). Loading next batch...
2026-07-21 09-31-31 [INFO]    [Selenium] Clicked 'Load more' (50/50). Loading next batch...
2026-07-21 09-31-34 [INFO] 
[Soup] Total jobs loaded after deep scroll: 326 !
2026-07-21 09-31-35 [INFO] 🔥 Starting async processing for 326 raw BestJobs...
2026-07-21 09-34-59 [ERROR] [HTTP Async Error] Status : 502 for URL: https://www.bestjobs.eu/loc-de-munca/specialist-presales-2
2026-07-21 09-34-59 [ERROR] [HTTP Async Error] Status : 502 for URL: https://www.bestjobs.eu/loc-de-munca/it-technician-67
2026-07-21 09-35-08 [ERROR] [HTTP Async Error] Status : 502 for URL: https://www.bestjobs.eu/loc-de-munca/specialist-it-constructii
2026-07-21 09-35-39 [INFO]    [Parser Engine BestJobs] Starting analytical parsing for 326 fetched pages...
2026-07-21 09-35-44 [INFO] [SQL Database] Done! Out of 208 filtered jobs, 208 were NEW and successfully saved.
2026-07-21 09-35-44 [INFO]    [BestJobs Filter] Completed 'telecom'. Saved 208 relevant jobs!
2026-07-21 09-35-44 [INFO] 
🚀 Switching to BestJobs category: ENGINEERING 🚀
2026-07-21 09-35-44 [INFO] Downloading engineering from BestJobs...
2026-07-21 09-35-50 [INFO]    [Selenium] Starting progressive manual scroll and click loop...
2026-07-21 09-35-58 [INFO]    [Selenium] Clicked 'Load more' (1/50). Loading next batch...
2026-07-21 09-36-09 [INFO]    [Selenium] Clicked 'Load more' (2/50). Loading next batch...
2026-07-21 09-36-19 [INFO]    [Selenium] Clicked 'Load more' (3/50). Loading next batch...
2026-07-21 09-36-30 [INFO]    [Selenium] Clicked 'Load more' (4/50). Loading next batch...
2026-07-21 09-36-41 [INFO]    [Selenium] Clicked 'Load more' (5/50). Loading next batch...
2026-07-21 09-36-52 [INFO]    [Selenium] Clicked 'Load more' (6/50). Loading next batch...
2026-07-21 09-37-03 [INFO]    [Selenium] Clicked 'Load more' (7/50). Loading next batch...
2026-07-21 09-37-14 [INFO]    [Selenium] Clicked 'Load more' (8/50). Loading next batch...
2026-07-21 09-37-24 [INFO]    [Selenium] Clicked 'Load more' (9/50). Loading next batch...
2026-07-21 09-37-35 [INFO]    [Selenium] Clicked 'Load more' (10/50). Loading next batch...
2026-07-21 09-37-46 [INFO]    [Selenium] Clicked 'Load more' (11/50). Loading next batch...
2026-07-21 09-37-57 [INFO]    [Selenium] Clicked 'Load more' (12/50). Loading next batch...
2026-07-21 09-38-08 [INFO]    [Selenium] Clicked 'Load more' (13/50). Loading next batch...
2026-07-21 09-38-19 [INFO]    [Selenium] Clicked 'Load more' (14/50). Loading next batch...
2026-07-21 09-38-30 [INFO]    [Selenium] Clicked 'Load more' (15/50). Loading next batch...
2026-07-21 09-38-41 [INFO]    [Selenium] Clicked 'Load more' (16/50). Loading next batch...
2026-07-21 09-38-52 [INFO]    [Selenium] Clicked 'Load more' (17/50). Loading next batch...
2026-07-21 09-39-03 [INFO]    [Selenium] Clicked 'Load more' (18/50). Loading next batch...
2026-07-21 09-39-14 [INFO]    [Selenium] Clicked 'Load more' (19/50). Loading next batch...
2026-07-21 09-39-25 [INFO]    [Selenium] Clicked 'Load more' (20/50). Loading next batch...
2026-07-21 09-39-37 [INFO]    [Selenium] Clicked 'Load more' (21/50). Loading next batch...
2026-07-21 09-39-48 [INFO]    [Selenium] Clicked 'Load more' (22/50). Loading next batch...
2026-07-21 09-39-59 [INFO]    [Selenium] Clicked 'Load more' (23/50). Loading next batch...
2026-07-21 09-40-11 [INFO]    [Selenium] Clicked 'Load more' (24/50). Loading next batch...
2026-07-21 09-40-23 [INFO]    [Selenium] Clicked 'Load more' (25/50). Loading next batch...
2026-07-21 09-40-35 [INFO]    [Selenium] Clicked 'Load more' (26/50). Loading next batch...
2026-07-21 09-40-46 [INFO]    [Selenium] Clicked 'Load more' (27/50). Loading next batch...
2026-07-21 09-40-59 [INFO]    [Selenium] Clicked 'Load more' (28/50). Loading next batch...
2026-07-21 09-41-11 [INFO]    [Selenium] Clicked 'Load more' (29/50). Loading next batch...
2026-07-21 09-41-24 [INFO]    [Selenium] Clicked 'Load more' (30/50). Loading next batch...
2026-07-21 09-41-36 [INFO]    [Selenium] Clicked 'Load more' (31/50). Loading next batch...
2026-07-21 09-41-49 [INFO]    [Selenium] Clicked 'Load more' (32/50). Loading next batch...
2026-07-21 09-42-01 [INFO]    [Selenium] Clicked 'Load more' (33/50). Loading next batch...
2026-07-21 09-42-15 [INFO]    [Selenium] Clicked 'Load more' (34/50). Loading next batch...
2026-07-21 09-42-28 [INFO]    [Selenium] Clicked 'Load more' (35/50). Loading next batch...
2026-07-21 09-42-41 [INFO]    [Selenium] Clicked 'Load more' (36/50). Loading next batch...
2026-07-21 09-42-55 [INFO]    [Selenium] Clicked 'Load more' (37/50). Loading next batch...
2026-07-21 09-43-09 [INFO]    [Selenium] Clicked 'Load more' (38/50). Loading next batch...
2026-07-21 09-43-22 [INFO]    [Selenium] Clicked 'Load more' (39/50). Loading next batch...
2026-07-21 09-43-36 [INFO]    [Selenium] Clicked 'Load more' (40/50). Loading next batch...
2026-07-21 09-43-51 [INFO]    [Selenium] Clicked 'Load more' (41/50). Loading next batch...
2026-07-21 09-44-05 [INFO]    [Selenium] Clicked 'Load more' (42/50). Loading next batch...
2026-07-21 09-44-19 [INFO]    [Selenium] Clicked 'Load more' (43/50). Loading next batch...
2026-07-21 09-44-34 [INFO]    [Selenium] Clicked 'Load more' (44/50). Loading next batch...
2026-07-21 09-44-49 [INFO]    [Selenium] Clicked 'Load more' (45/50). Loading next batch...
2026-07-21 09-45-04 [INFO]    [Selenium] Clicked 'Load more' (46/50). Loading next batch...
2026-07-21 09-45-19 [INFO]    [Selenium] Clicked 'Load more' (47/50). Loading next batch...
2026-07-21 09-45-34 [INFO]    [Selenium] Clicked 'Load more' (48/50). Loading next batch...
2026-07-21 09-45-51 [INFO]    [Selenium] Clicked 'Load more' (49/50). Loading next batch...
2026-07-21 09-46-07 [INFO]    [Selenium] Clicked 'Load more' (50/50). Loading next batch...
2026-07-21 09-46-12 [INFO] 
[Soup] Total jobs loaded after deep scroll: 1248 !
2026-07-21 09-46-15 [INFO] 🔥 Starting async processing for 1248 raw BestJobs...
2026-07-21 09-56-19 [INFO]    [Parser Engine BestJobs] Starting analytical parsing for 1248 fetched pages...
2026-07-21 09-56-40 [INFO] [SQL Database] Done! Out of 210 filtered jobs, 210 were NEW and successfully saved.
2026-07-21 09-56-40 [INFO]    [BestJobs Filter] Completed 'engineering'. Saved 210 relevant jobs!
2026-07-21 09-56-40 [INFO] 
🚀 Switching to BestJobs category: PRODUCTION 🚀
2026-07-21 09-56-40 [INFO] Downloading production from BestJobs...
2026-07-21 09-56-46 [INFO]    [Selenium] Starting progressive manual scroll and click loop...
2026-07-21 09-56-54 [INFO]    [Selenium] Clicked 'Load more' (1/50). Loading next batch...
2026-07-21 09-57-04 [INFO]    [Selenium] Clicked 'Load more' (2/50). Loading next batch...
2026-07-21 09-57-15 [INFO]    [Selenium] Clicked 'Load more' (3/50). Loading next batch...
2026-07-21 09-57-26 [INFO]    [Selenium] Clicked 'Load more' (4/50). Loading next batch...
2026-07-21 09-57-37 [INFO]    [Selenium] Clicked 'Load more' (5/50). Loading next batch...
2026-07-21 09-57-48 [INFO]    [Selenium] Clicked 'Load more' (6/50). Loading next batch...
2026-07-21 09-57-58 [INFO]    [Selenium] Clicked 'Load more' (7/50). Loading next batch...
2026-07-21 09-58-09 [INFO]    [Selenium] Clicked 'Load more' (8/50). Loading next batch...
2026-07-21 09-58-20 [INFO]    [Selenium] Clicked 'Load more' (9/50). Loading next batch...
2026-07-21 09-58-31 [INFO]    [Selenium] Clicked 'Load more' (10/50). Loading next batch...
2026-07-21 09-58-42 [INFO]    [Selenium] Clicked 'Load more' (11/50). Loading next batch...
2026-07-21 09-58-53 [INFO]    [Selenium] Clicked 'Load more' (12/50). Loading next batch...
2026-07-21 09-59-04 [INFO]    [Selenium] Clicked 'Load more' (13/50). Loading next batch...
2026-07-21 09-59-15 [INFO]    [Selenium] Clicked 'Load more' (14/50). Loading next batch...
2026-07-21 09-59-26 [INFO]    [Selenium] Clicked 'Load more' (15/50). Loading next batch...
2026-07-21 09-59-37 [INFO]    [Selenium] Clicked 'Load more' (16/50). Loading next batch...
2026-07-21 09-59-48 [INFO]    [Selenium] Clicked 'Load more' (17/50). Loading next batch...
2026-07-21 09-59-59 [INFO]    [Selenium] Clicked 'Load more' (18/50). Loading next batch...
2026-07-21 10-00-10 [INFO]    [Selenium] Clicked 'Load more' (19/50). Loading next batch...
2026-07-21 10-00-22 [INFO]    [Selenium] Clicked 'Load more' (20/50). Loading next batch...
2026-07-21 10-00-33 [INFO]    [Selenium] Clicked 'Load more' (21/50). Loading next batch...
2026-07-21 10-00-44 [INFO]    [Selenium] Clicked 'Load more' (22/50). Loading next batch...
2026-07-21 10-00-56 [INFO]    [Selenium] Clicked 'Load more' (23/50). Loading next batch...
2026-07-21 10-01-08 [INFO]    [Selenium] Clicked 'Load more' (24/50). Loading next batch...
2026-07-21 10-01-19 [INFO]    [Selenium] Clicked 'Load more' (25/50). Loading next batch...
2026-07-21 10-01-31 [INFO]    [Selenium] Clicked 'Load more' (26/50). Loading next batch...
2026-07-21 10-01-43 [INFO]    [Selenium] Clicked 'Load more' (27/50). Loading next batch...
2026-07-21 10-01-55 [INFO]    [Selenium] Clicked 'Load more' (28/50). Loading next batch...
2026-07-21 10-02-08 [INFO]    [Selenium] Clicked 'Load more' (29/50). Loading next batch...
2026-07-21 10-02-20 [INFO]    [Selenium] Clicked 'Load more' (30/50). Loading next batch...
2026-07-21 10-02-33 [INFO]    [Selenium] Clicked 'Load more' (31/50). Loading next batch...
2026-07-21 10-02-46 [INFO]    [Selenium] Clicked 'Load more' (32/50). Loading next batch...
2026-07-21 10-02-59 [INFO]    [Selenium] Clicked 'Load more' (33/50). Loading next batch...
2026-07-21 10-03-14 [INFO]    [Selenium] Clicked 'Load more' (34/50). Loading next batch...
2026-07-21 10-03-27 [INFO]    [Selenium] Clicked 'Load more' (35/50). Loading next batch...
2026-07-21 10-03-40 [INFO]    [Selenium] Clicked 'Load more' (36/50). Loading next batch...
2026-07-21 10-03-54 [INFO]    [Selenium] Clicked 'Load more' (37/50). Loading next batch...
2026-07-21 10-04-10 [INFO]    [Selenium] Clicked 'Load more' (38/50). Loading next batch...
2026-07-21 10-04-25 [INFO]    [Selenium] Clicked 'Load more' (39/50). Loading next batch...
2026-07-21 10-04-39 [INFO]    [Selenium] Clicked 'Load more' (40/50). Loading next batch...
2026-07-21 10-04-53 [INFO]    [Selenium] Clicked 'Load more' (41/50). Loading next batch...
2026-07-21 10-05-08 [INFO]    [Selenium] Clicked 'Load more' (42/50). Loading next batch...
2026-07-21 10-05-23 [INFO]    [Selenium] Clicked 'Load more' (43/50). Loading next batch...
2026-07-21 10-05-38 [INFO]    [Selenium] Clicked 'Load more' (44/50). Loading next batch...
2026-07-21 10-05-53 [INFO]    [Selenium] Clicked 'Load more' (45/50). Loading next batch...
2026-07-21 10-06-09 [INFO]    [Selenium] Clicked 'Load more' (46/50). Loading next batch...
2026-07-21 10-06-26 [INFO]    [Selenium] Clicked 'Load more' (47/50). Loading next batch...
2026-07-21 10-06-41 [INFO]    [Selenium] Clicked 'Load more' (48/50). Loading next batch...
2026-07-21 10-06-57 [INFO]    [Selenium] Clicked 'Load more' (49/50). Loading next batch...
2026-07-21 10-07-13 [INFO]    [Selenium] Clicked 'Load more' (50/50). Loading next batch...
2026-07-21 10-07-19 [INFO] 
[Soup] Total jobs loaded after deep scroll: 1200 !
2026-07-21 10-07-21 [INFO] 🔥 Starting async processing for 1200 raw BestJobs...
2026-07-21 10-17-21 [ERROR] [Request Async Error] Network failure or timeout: 
2026-07-21 10-23-09 [INFO]    [Parser Engine BestJobs] Starting analytical parsing for 1200 fetched pages...
2026-07-21 10-23-28 [INFO] [SQL Database] Done! Out of 220 filtered jobs, 220 were NEW and successfully saved.
2026-07-21 10-23-28 [INFO]    [BestJobs Filter] Completed 'production'. Saved 220 relevant jobs!
2026-07-21 10-23-28 [INFO] 
[BestJobs] Closing browser session...
2026-07-21 10-23-28 [INFO] 
Total IT jobs saved during this run: 1981
2026-07-21 10-23-28 [INFO] 
[Checker] Starting verification of active jobs for expiration...
2026-07-21 10-23-28 [INFO] [Checker] No active jobs found in the database to verify.
2026-07-21 10-23-28 [INFO] 
========================================
2026-07-21 10-23-28 [INFO]    📊 ACTIVE JOB MARKET REPORT 📊   
2026-07-21 10-23-28 [INFO] ========================================
2026-07-21 10-23-28 [INFO]  SAP : 298 jobs
2026-07-21 10-23-28 [INFO]  SQL : 285 jobs
2026-07-21 10-23-28 [INFO]  CLOUD : 275 jobs
2026-07-21 10-23-28 [INFO]  AUTOMATION : 225 jobs
2026-07-21 10-23-28 [INFO]  WINDOWS : 219 jobs
2026-07-21 10-23-28 [INFO]  PYTHON : 208 jobs
2026-07-21 10-23-28 [INFO]  LINUX : 171 jobs
2026-07-21 10-23-28 [INFO]  AZURE : 145 jobs
2026-07-21 10-23-28 [INFO]  CNC : 136 jobs
2026-07-21 10-23-28 [INFO]  JAVASCRIPT : 129 jobs
2026-07-21 10-23-28 [INFO]  CI/CD : 123 jobs
2026-07-21 10-23-28 [INFO]  AWS : 120 jobs
2026-07-21 10-23-28 [INFO]  GIT : 117 jobs
2026-07-21 10-23-28 [INFO]  BASIS : 112 jobs
2026-07-21 10-23-28 [INFO]  JAVA : 106 jobs
2026-07-21 10-23-28 [INFO]  DOCKER : 99 jobs
2026-07-21 10-23-28 [INFO]  CSS : 92 jobs
2026-07-21 10-23-28 [INFO]  HTML : 90 jobs
2026-07-21 10-23-28 [INFO]  JIRA : 83 jobs
2026-07-21 10-23-28 [INFO]  ORACLE : 76 jobs
2026-07-21 10-23-28 [INFO]  REACT : 75 jobs
2026-07-21 10-23-28 [INFO]  POSTGRESQL : 72 jobs
2026-07-21 10-23-28 [INFO]  MYSQL : 71 jobs
2026-07-21 10-23-28 [INFO]  KUBERNETES : 69 jobs
2026-07-21 10-23-28 [INFO]  PHP : 65 jobs
2026-07-21 10-23-28 [INFO]  TYPESCRIPT : 63 jobs
2026-07-21 10-23-28 [INFO]  SIEMENS : 61 jobs
2026-07-21 10-23-28 [INFO]  BASH : 50 jobs
2026-07-21 10-23-28 [INFO]  GO : 42 jobs
2026-07-21 10-23-28 [INFO]  GITHUB : 39 jobs
2026-07-21 10-23-28 [INFO]  ANGULAR : 37 jobs
2026-07-21 10-23-28 [INFO]  GCP : 36 jobs
2026-07-21 10-23-28 [INFO]  EMBEDDED : 35 jobs
2026-07-21 10-23-28 [INFO]  JENKINS : 34 jobs
2026-07-21 10-23-28 [INFO]  GITLAB : 34 jobs
2026-07-21 10-23-28 [INFO]  TERRAFORM : 33 jobs
2026-07-21 10-23-28 [INFO]  SPRING : 30 jobs
2026-07-21 10-23-28 [INFO]  ABAP : 28 jobs
2026-07-21 10-23-28 [INFO]  VUE : 27 jobs
2026-07-21 10-23-28 [INFO]  KAFKA : 26 jobs
2026-07-21 10-23-28 [INFO]  CONFLUENCE : 24 jobs
2026-07-21 10-23-28 [INFO]  ANSIBLE : 24 jobs
2026-07-21 10-23-28 [INFO]  UNIX : 24 jobs
2026-07-21 10-23-28 [INFO]  NODE : 22 jobs
2026-07-21 10-23-28 [INFO]  MONGODB : 20 jobs
2026-07-21 10-23-28 [INFO]  GRAFANA : 19 jobs
2026-07-21 10-23-28 [INFO]  POSTMAN : 19 jobs
2026-07-21 10-23-28 [INFO]  .NET : 18 jobs
2026-07-21 10-23-28 [INFO]  SELENIUM : 16 jobs
2026-07-21 10-23-28 [INFO]  ASP.NET : 14 jobs
2026-07-21 10-23-28 [INFO]  HANA : 14 jobs
2026-07-21 10-23-28 [INFO]  PROMETHEUS : 14 jobs
2026-07-21 10-23-28 [INFO]  FIORI : 12 jobs
2026-07-21 10-23-28 [INFO]  DJANGO : 12 jobs
2026-07-21 10-23-28 [INFO]  RUBY : 11 jobs
2026-07-21 10-23-28 [INFO]  HIBERNATE : 11 jobs
2026-07-21 10-23-28 [INFO]  BTP : 11 jobs
2026-07-21 10-23-28 [INFO]  CYPRESS : 11 jobs
2026-07-21 10-23-28 [INFO]  PLAYWRIGHT : 10 jobs
2026-07-21 10-23-28 [INFO]  MACOS : 10 jobs
2026-07-21 10-23-28 [INFO]  OPENSHIFT : 9 jobs
2026-07-21 10-23-28 [INFO]  SCALA : 9 jobs
2026-07-21 10-23-28 [INFO]  EXPRESS : 8 jobs
2026-07-21 10-23-28 [INFO]  KOTLIN : 8 jobs
2026-07-21 10-23-28 [INFO]  ELASTICSEARCH : 7 jobs
2026-07-21 10-23-28 [INFO]  FLASK : 6 jobs
2026-07-21 10-23-28 [INFO]  BITBUCKET : 6 jobs
2026-07-21 10-23-28 [INFO]  HELM : 5 jobs
2026-07-21 10-23-28 [INFO]  JMETER : 4 jobs
2026-07-21 10-23-28 [INFO]  GOLANG : 4 jobs
2026-07-21 10-23-28 [INFO]  WIRESHARK : 4 jobs
2026-07-21 10-23-28 [INFO]  POSTGRES : 3 jobs
2026-07-21 10-23-28 [INFO]  RUST : 2 jobs
2026-07-21 10-23-28 [INFO]  MICROCONTROLLER : 1 jobs
2026-07-21 10-23-28 [INFO]  PODMAN : 1 jobs
2026-07-21 10-23-28 [INFO]  SQLSERVER : 1 jobs
2026-07-21 10-23-28 [INFO] ========================================

2026-07-21 10-23-28 [INFO] ========================================
2026-07-21 10-23-28 [INFO]    🏢 WORK MODE DISTRIBUTION 🏢   
2026-07-21 10-23-28 [INFO] ========================================
2026-07-21 10-23-28 [INFO]  🏢 ON-SITE : 1288 jobs
2026-07-21 10-23-28 [INFO]  🏠 REMOTE : 136 jobs
2026-07-21 10-23-28 [INFO] 
========================================
2026-07-21 10-23-28 [INFO]    📊 EXPERIENCE LEVEL DISTRIBUTION 📊   
2026-07-21 10-23-28 [INFO] ========================================
2026-07-21 10-23-28 [INFO]  📊Entry-Level (< 2 ani) : 262 jobs
2026-07-21 10-23-28 [INFO]  📊Mid-Level (2-5 ani) : 582 jobs
2026-07-21 10-23-28 [INFO]  📊Senior-Level (> 5 ani) : 378 jobs
2026-07-21 10-23-28 [INFO]  📊Unknown : 202 jobs
2026-07-21 10-23-28 [INFO] ========================================
